<html xmlns:math="http://exslt.org/math" xmlns:testng="http://testng.org">
   <head>
      <title>TestNG Results</title>
      <meta http-equiv="content-type" content="text/html; charset=utf-8"></meta>
      <meta http-equiv="pragma" content="no-cache"></meta>
      <meta http-equiv="cache-control" content="max-age=0"></meta>
      <meta http-equiv="cache-control" content="no-cache"></meta>
      <meta http-equiv="cache-control" content="no-store"></meta>
      <LINK rel="stylesheet" href="style.css"></LINK>
      <script type="text/javascript" src="main.js"></script>
   </head>
   <body>
      <table width="100%" style="font-size: 16px; margin-bottom: 10px;" cellspacing="1">
         <tr>
            <td width="100%">
               All methods in suite
               
               <b>Failed suite [JPetStore]</b>
            </td>
            <td style="background-color: #FFBBBB; padding: 3px 3px 3px 0;" align="center">
               <div style="width: 50px;">1</div>
            </td>
            <td style="background-color: lightgreen; padding: 3px 3px 3px 0;" align="center">
               <div style="width: 50px;">0</div>
            </td>
            <td style="background-color: #FFFFBB; padding: 3px 3px 3px 0;" align="center">
               <div style="width: 50px;">0</div>
            </td>
            <td align="center" style="background-color: #eaf0f7; padding: 3px 3px 3px 0;">
               <div style="width: 50px;">1</div>
            </td>
            <td align="center"
                style="font-weight: bold; background-color: #eaf0f7; padding: 3px 3px 3px 0;">
               <div style="width: 50px;">0%</div>
            </td>
            <td style="background-color: #eaf0f7; padding: 3px 3px 3px 0;" align="center"
                nowrap="true">1m
               10s
               
            </td>
         </tr>
      </table>
      <div style="width: 200px;">
         <label for="groupMethodsCheckBox" style="font-weight: bold; margin: 0;">
            <input id="groupMethodsCheckBox" type="checkbox" onclick="switchTestMethodsView(this)"></input>
            Group by class
            
         </label>
         <br></br>
         <label for="methodsFilter_ALL" style="font-weight: bold; margin: 0;">
            <input id="methodsFilter_ALL" type="checkbox"
                   onclick="testMethodsFilterChanged(this, 'ALL')"></input>
            All
            
         </label>
      </div>
      <label for="methodsFilter_FAIL" style="margin-left: 20px;">
         <input id="methodsFilter_FAIL" type="checkbox"
                onclick="testMethodsFilterChanged(this, 'FAIL')"
                checked=""></input>
         Failed
         
      </label>
      <label for="methodsFilter_PASS">
         <input id="methodsFilter_PASS" type="checkbox"
                onclick="testMethodsFilterChanged(this, 'PASS')"
                checked=""></input>
         Passed
         
      </label>
      <label for="methodsFilter_SKIP">
         <input id="methodsFilter_SKIP" type="checkbox"
                onclick="testMethodsFilterChanged(this, 'SKIP')"
                checked=""></input>
         Skipped
         
      </label>
      <label for="methodsFilter_CONF">
         <input id="methodsFilter_CONF" type="checkbox"
                onclick="testMethodsFilterChanged(this, 'CONF')"></input>
         Config
         
      </label>
      <br></br>
      <div id="testMethodsByStatus">
         <table class="testMethodsTable" cellpadding="0" cellspacing="0">
            <tr class="methodsTableHeader">
               <td width="100%">Name</td>
               <td nowrap="true">Started</td>
               <td nowrap="true">Duration</td>
               <td>Exception</td>
            </tr>
            <tr id="testcases.DashBoardTest_verifyAllPets_byStatus_failed_FAIL1_row"
                class="testMethodStatusFAIL">
               <td width="100%" class="firstMethodCell">
                  <a onclick="toggleDetailsVisibility('testcases.DashBoardTest_verifyAllPets_byStatus_failed_FAIL1_details')">verifyAllPets()</a>
               </td>
               <td nowrap="true">17:03:28</td>
               <td nowrap="true" align="right">1m
                  9s
                  
               </td>
               <td nowrap="true">
                  <a onclick="toggleDetailsVisibility('testcases.DashBoardTest_verifyAllPets_byStatus_failed_FAIL1_exception')">org.openqa.selenium.NoSuchElementException: 
                     no such element: Unable to locate element: {"method":"xpath","selector":"//*[@id='Catalog']/table/tbody"}
                     (Session info: chrome=141.0.7390.55)
                     For documentation on this error, please visit: https://www.selenium.dev/documentation/webdriver/troubleshooting/errors#no-such-element-exception
                     Build info: version: '4.17.0', revision: 'e52b1be057*'
                     System info: os.name: 'Windows 11', os.arch: 'amd64', os.version: '10.0', java.version: '17.0.12'
                     Driver info: org.openqa.selenium.chrome.ChromeDriver
                     Command: [7c7fccc23a82de8245fb693242f34a85, findElement {value=//*[@id='Catalog']/table/tbody, using=xpath}]
                     Capabilities {acceptInsecureCerts: false, browserName: chrome, browserVersion: 141.0.7390.55, chrome: {chromedriverVersion:
                     140.0.7339.185 (eeea00e459e..., userDataDir: C:\Users\MSI\AppData\Local\...}, fedcm:accounts: true, goog:chromeOptions: {debuggerAddress:
                     localhost:54190}, networkConnectionEnabled: false, pageLoadStrategy: normal, platformName: windows, proxy: Proxy(), se:cdp:
                     ws://localhost:54190/devtoo..., se:cdpVersion: 141.0.7390.55, setWindowRect: true, strictFileInteractability: false, timeouts:
                     {implicit: 0, pageLoad: 300000, script: 30000}, unhandledPromptBehavior: dismiss and notify, webauthn:extension:credBlob:
                     true, webauthn:extension:largeBlob: true, webauthn:extension:minPinLength: true, webauthn:extension:prf: true, webauthn:virtualAuthenticators:
                     true}
                     Session ID: 7c7fccc23a82de8245fb693242f34a85
                     
                  </a>
                   
                  
               </td>
            </tr>
            <tr>
               <td colspan="4" class="detailsBox">
                  <div id="testcases.DashBoardTest_verifyAllPets_byStatus_failed_FAIL1_details"
                       class="testMethodDetails">
                     <div>
                        <b>Name: </b>verifyAllPets
                     </div>
                     <div>
                        <b>Signature: </b>verifyAllPets()[pri:0, instance:testcases.DashBoardTest@54422e18]
                     </div>
                     <div>
                        <b>Start time: </b>17:03:28
                     </div>
                     <div>
                        <b>End time: </b>17:04:36
                     </div>
                     <div>
                        <b>Duration: </b>1m
                        9s
                        
                     </div>
                  </div>
               </td>
            </tr>
            <tr>
               <td colspan="4" class="detailsBox">
                  <div id="testcases.DashBoardTest_verifyAllPets_byStatus_failed_FAIL1_exception"
                       class="testMethodDetails">
                     <pre style="padding: 5px; margin: 0;">org.openqa.selenium.NoSuchElementException: no such element: Unable to locate element: {"method":"xpath","selector":"//*[@id='Catalog']/table/tbody"}
                        (Session info: chrome=141.0.7390.55)
                        For documentation on this error, please visit: https://www.selenium.dev/documentation/webdriver/troubleshooting/errors#no-such-element-exception
                        Build info: version: '4.17.0', revision: 'e52b1be057*'
                        System info: os.name: 'Windows 11', os.arch: 'amd64', os.version: '10.0', java.version: '17.0.12'
                        Driver info: org.openqa.selenium.chrome.ChromeDriver
                        Command: [7c7fccc23a82de8245fb693242f34a85, findElement {value=//*[@id='Catalog']/table/tbody, using=xpath}]
                        Capabilities {acceptInsecureCerts: false, browserName: chrome, browserVersion: 141.0.7390.55, chrome: {chromedriverVersion:
                        140.0.7339.185 (eeea00e459e..., userDataDir: C:\Users\MSI\AppData\Local\...}, fedcm:accounts: true, goog:chromeOptions: {debuggerAddress:
                        localhost:54190}, networkConnectionEnabled: false, pageLoadStrategy: normal, platformName: windows, proxy: Proxy(), se:cdp:
                        ws://localhost:54190/devtoo..., se:cdpVersion: 141.0.7390.55, setWindowRect: true, strictFileInteractability: false, timeouts:
                        {implicit: 0, pageLoad: 300000, script: 30000}, unhandledPromptBehavior: dismiss and notify, webauthn:extension:credBlob:
                        true, webauthn:extension:largeBlob: true, webauthn:extension:minPinLength: true, webauthn:extension:prf: true, webauthn:virtualAuthenticators:
                        true}
                        Session ID: 7c7fccc23a82de8245fb693242f34a85
                        at java.base/jdk.internal.reflect.NativeConstructorAccessorImpl.newInstance0(Native Method)
                        at java.base/jdk.internal.reflect.NativeConstructorAccessorImpl.newInstance(NativeConstructorAccessorImpl.java:77)
                        at java.base/jdk.internal.reflect.DelegatingConstructorAccessorImpl.newInstance(DelegatingConstructorAccessorImpl.java:45)
                        at java.base/java.lang.reflect.Constructor.newInstanceWithCaller(Constructor.java:499)
                        at java.base/java.lang.reflect.Constructor.newInstance(Constructor.java:480)
                        at org.openqa.selenium.remote.codec.w3c.W3CHttpResponseCodec.createException(W3CHttpResponseCodec.java:185)
                        at org.openqa.selenium.remote.codec.w3c.W3CHttpResponseCodec.decode(W3CHttpResponseCodec.java:134)
                        at org.openqa.selenium.remote.codec.w3c.W3CHttpResponseCodec.decode(W3CHttpResponseCodec.java:51)
                        at org.openqa.selenium.remote.HttpCommandExecutor.execute(HttpCommandExecutor.java:190)
                        at org.openqa.selenium.remote.service.DriverCommandExecutor.invokeExecute(DriverCommandExecutor.java:216)
                        at org.openqa.selenium.remote.service.DriverCommandExecutor.execute(DriverCommandExecutor.java:174)
                        at org.openqa.selenium.remote.RemoteWebDriver.execute(RemoteWebDriver.java:519)
                        at org.openqa.selenium.remote.ElementLocation$ElementFinder$2.findElement(ElementLocation.java:165)
                        at org.openqa.selenium.remote.ElementLocation.findElement(ElementLocation.java:59)
                        at org.openqa.selenium.remote.RemoteWebDriver.findElement(RemoteWebDriver.java:356)
                        at org.openqa.selenium.remote.RemoteWebDriver.findElement(RemoteWebDriver.java:350)
                        at keywords.GenericKeywords.getElement(GenericKeywords.java:135)
                        at keywords.ApplicationKeywords.verifyTableEntitites(ApplicationKeywords.java:83)
                        at driver.DriverScript.executeTest(DriverScript.java:78)
                        at testcases.DashBoardTest.verifyAllPets(DashBoardTest.java:39)
                        at java.base/jdk.internal.reflect.NativeMethodAccessorImpl.invoke0(Native Method)
                        at java.base/jdk.internal.reflect.NativeMethodAccessorImpl.invoke(NativeMethodAccessorImpl.java:77)
                        at java.base/jdk.internal.reflect.DelegatingMethodAccessorImpl.invoke(DelegatingMethodAccessorImpl.java:43)
                        at java.base/java.lang.reflect.Method.invoke(Method.java:568)
                        at org.testng.internal.invokers.MethodInvocationHelper.invokeMethod(MethodInvocationHelper.java:139)
                        at org.testng.internal.invokers.TestInvoker.invokeMethod(TestInvoker.java:664)
                        at org.testng.internal.invokers.TestInvoker.invokeTestMethod(TestInvoker.java:228)
                        at org.testng.internal.invokers.MethodRunner.runInSequence(MethodRunner.java:63)
                        at org.testng.internal.invokers.TestInvoker$MethodInvocationAgent.invoke(TestInvoker.java:961)
                        at org.testng.internal.invokers.TestInvoker.invokeTestMethods(TestInvoker.java:201)
                        at org.testng.internal.invokers.TestMethodWorker.invokeTestMethods(TestMethodWorker.java:148)
                        at org.testng.internal.invokers.TestMethodWorker.run(TestMethodWorker.java:128)
                        at java.base/java.util.ArrayList.forEach(ArrayList.java:1511)
                        at org.testng.TestRunner.privateRun(TestRunner.java:819)
                        at org.testng.TestRunner.run(TestRunner.java:619)
                        at org.testng.SuiteRunner.runTest(SuiteRunner.java:443)
                        at org.testng.SuiteRunner.runSequentially(SuiteRunner.java:437)
                        at org.testng.SuiteRunner.privateRun(SuiteRunner.java:397)
                        at org.testng.SuiteRunner.run(SuiteRunner.java:336)
                        at org.testng.SuiteRunnerWorker.runSuite(SuiteRunnerWorker.java:52)
                        at org.testng.SuiteRunnerWorker.run(SuiteRunnerWorker.java:95)
                        at org.testng.TestNG.runSuitesSequentially(TestNG.java:1301)
                        at org.testng.TestNG.runSuitesLocally(TestNG.java:1228)
                        at org.testng.TestNG.runSuites(TestNG.java:1134)
                        at org.testng.TestNG.run(TestNG.java:1101)
                        at org.apache.maven.surefire.testng.TestNGExecutor.run(TestNGExecutor.java:308)
                        at org.apache.maven.surefire.testng.TestNGXmlTestSuite.execute(TestNGXmlTestSuite.java:71)
                        at org.apache.maven.surefire.testng.TestNGProvider.invoke(TestNGProvider.java:113)
                        at org.apache.maven.surefire.booter.ForkedBooter.runSuitesInProcess(ForkedBooter.java:385)
                        at org.apache.maven.surefire.booter.ForkedBooter.execute(ForkedBooter.java:162)
                        at org.apache.maven.surefire.booter.ForkedBooter.run(ForkedBooter.java:507)
                        at org.apache.maven.surefire.booter.ForkedBooter.main(ForkedBooter.java:495)
                     </pre>
                  </div>
               </td>
            </tr>
            <tr id="testcases.DashBoardTest_beforeTest_byStatus_passed_PASS1_row"
                class="testMethodStatusPASS testMethodStatusCONF">
               <td width="100%" class="firstMethodCell">
                  <a onclick="toggleDetailsVisibility('testcases.DashBoardTest_beforeTest_byStatus_passed_PASS1_details')">beforeTest(org.testng.TestRunner@2b43f314)</a>
               </td>
               <td nowrap="true">17:03:27</td>
               <td nowrap="true" align="right">744 ms
                  
               </td>
               <td nowrap="true">
                   
                  
               </td>
            </tr>
            <tr>
               <td colspan="4" class="detailsBox">
                  <div id="testcases.DashBoardTest_beforeTest_byStatus_passed_PASS1_details"
                       class="testMethodDetails">
                     <div>
                        <b>Name: </b>beforeTest
                     </div>
                     <div>
                        <b>Signature: </b>beforeTest(org.testng.ITestContext)[pri:0, instance:testcases.DashBoardTest@54422e18]
                     </div>
                     <div>
                        <b>Parameters: </b>
                        
                        org.testng.TestRunner@2b43f314
                        
                        
                     </div>
                     <div>
                        <b>Start time: </b>17:03:27
                     </div>
                     <div>
                        <b>End time: </b>17:03:28
                     </div>
                     <div>
                        <b>Duration: </b>744 ms
                        
                     </div>
                  </div>
               </td>
            </tr>
            <tr></tr>
            <tr id="testcases.DashBoardTest_beforeMethod_byStatus_passed_PASS2_row"
                class="testMethodStatusPASS testMethodStatusCONF">
               <td width="100%" class="firstMethodCell">
                  <a onclick="toggleDetailsVisibility('testcases.DashBoardTest_beforeMethod_byStatus_passed_PASS2_details')">beforeMethod(org.testng.TestRunner@2b43f314)</a>
               </td>
               <td nowrap="true">17:03:28</td>
               <td nowrap="true" align="right">0 ms
                  
               </td>
               <td nowrap="true">
                   
                  
               </td>
            </tr>
            <tr>
               <td colspan="4" class="detailsBox">
                  <div id="testcases.DashBoardTest_beforeMethod_byStatus_passed_PASS2_details"
                       class="testMethodDetails">
                     <div>
                        <b>Name: </b>beforeMethod
                     </div>
                     <div>
                        <b>Signature: </b>beforeMethod(org.testng.ITestContext)[pri:0, instance:testcases.DashBoardTest@54422e18]
                     </div>
                     <div>
                        <b>Parameters: </b>
                        
                        org.testng.TestRunner@2b43f314
                        
                        
                     </div>
                     <div>
                        <b>Start time: </b>17:03:28
                     </div>
                     <div>
                        <b>End time: </b>17:03:28
                     </div>
                     <div>
                        <b>Duration: </b>0 ms
                        
                     </div>
                  </div>
               </td>
            </tr>
            <tr></tr>
            <tr id="testcases.DashBoardTest_quit_byStatus_passed_PASS3_row"
                class="testMethodStatusPASS testMethodStatusCONF">
               <td width="100%" class="firstMethodCell">
                  <a onclick="toggleDetailsVisibility('testcases.DashBoardTest_quit_byStatus_passed_PASS3_details')">quit(org.testng.TestRunner@2b43f314)</a>
               </td>
               <td nowrap="true">17:04:36</td>
               <td nowrap="true" align="right">284 ms
                  
               </td>
               <td nowrap="true">
                   
                  
               </td>
            </tr>
            <tr>
               <td colspan="4" class="detailsBox">
                  <div id="testcases.DashBoardTest_quit_byStatus_passed_PASS3_details"
                       class="testMethodDetails">
                     <div>
                        <b>Name: </b>quit
                     </div>
                     <div>
                        <b>Signature: </b>quit(org.testng.ITestContext)[pri:0, instance:testcases.DashBoardTest@54422e18]
                     </div>
                     <div>
                        <b>Parameters: </b>
                        
                        org.testng.TestRunner@2b43f314
                        
                        
                     </div>
                     <div>
                        <b>Start time: </b>17:04:36
                     </div>
                     <div>
                        <b>End time: </b>17:04:37
                     </div>
                     <div>
                        <b>Duration: </b>284 ms
                        
                     </div>
                  </div>
               </td>
            </tr>
            <tr></tr>
         </table>
      </div>
      <div id="testMethodsByClass" style="display: none;">
         <table class="testMethodsTable" cellpadding="0" cellspacing="0">
            <tr>
               <td colspan="4">
                  <h3 style="display: inline;">testcases.DashBoardTest</h3>
               </td>
            </tr>
            <tr class="methodsTableHeader">
               <td width="100%">Name</td>
               <td nowrap="true">Started</td>
               <td nowrap="true">Duration</td>
               <td>Exception</td>
            </tr>
            <tr id="testcases.DashBoardTest_beforeTest_byClass_PASS1_row"
                class="testMethodStatusPASS testMethodStatusCONF">
               <td width="100%" class="firstMethodCell">
                  <a onclick="toggleDetailsVisibility('testcases.DashBoardTest_beforeTest_byClass_PASS1_details')">beforeTest(org.testng.TestRunner@2b43f314)</a>
               </td>
               <td nowrap="true">17:03:27</td>
               <td nowrap="true" align="right">744 ms
                  
               </td>
               <td nowrap="true">
                   
                  
               </td>
            </tr>
            <tr>
               <td colspan="4" class="detailsBox">
                  <div id="testcases.DashBoardTest_beforeTest_byClass_PASS1_details"
                       class="testMethodDetails">
                     <div>
                        <b>Name: </b>beforeTest
                     </div>
                     <div>
                        <b>Signature: </b>beforeTest(org.testng.ITestContext)[pri:0, instance:testcases.DashBoardTest@54422e18]
                     </div>
                     <div>
                        <b>Parameters: </b>
                        
                        org.testng.TestRunner@2b43f314
                        
                        
                     </div>
                     <div>
                        <b>Start time: </b>17:03:27
                     </div>
                     <div>
                        <b>End time: </b>17:03:28
                     </div>
                     <div>
                        <b>Duration: </b>744 ms
                        
                     </div>
                  </div>
               </td>
            </tr>
            <tr></tr>
            <tr id="testcases.DashBoardTest_beforeMethod_byClass_PASS2_row"
                class="testMethodStatusPASS testMethodStatusCONF">
               <td width="100%" class="firstMethodCell">
                  <a onclick="toggleDetailsVisibility('testcases.DashBoardTest_beforeMethod_byClass_PASS2_details')">beforeMethod(org.testng.TestRunner@2b43f314)</a>
               </td>
               <td nowrap="true">17:03:28</td>
               <td nowrap="true" align="right">0 ms
                  
               </td>
               <td nowrap="true">
                   
                  
               </td>
            </tr>
            <tr>
               <td colspan="4" class="detailsBox">
                  <div id="testcases.DashBoardTest_beforeMethod_byClass_PASS2_details"
                       class="testMethodDetails">
                     <div>
                        <b>Name: </b>beforeMethod
                     </div>
                     <div>
                        <b>Signature: </b>beforeMethod(org.testng.ITestContext)[pri:0, instance:testcases.DashBoardTest@54422e18]
                     </div>
                     <div>
                        <b>Parameters: </b>
                        
                        org.testng.TestRunner@2b43f314
                        
                        
                     </div>
                     <div>
                        <b>Start time: </b>17:03:28
                     </div>
                     <div>
                        <b>End time: </b>17:03:28
                     </div>
                     <div>
                        <b>Duration: </b>0 ms
                        
                     </div>
                  </div>
               </td>
            </tr>
            <tr></tr>
            <tr id="testcases.DashBoardTest_verifyAllPets_byClass_FAIL3_row"
                class="testMethodStatusFAIL">
               <td width="100%" class="firstMethodCell">
                  <a onclick="toggleDetailsVisibility('testcases.DashBoardTest_verifyAllPets_byClass_FAIL3_details')">verifyAllPets()</a>
               </td>
               <td nowrap="true">17:03:28</td>
               <td nowrap="true" align="right">1m
                  9s
                  
               </td>
               <td nowrap="true">
                  <a onclick="toggleDetailsVisibility('testcases.DashBoardTest_verifyAllPets_byClass_FAIL3_exception')">org.openqa.selenium.NoSuchElementException: 
                     no such element: Unable to locate element: {"method":"xpath","selector":"//*[@id='Catalog']/table/tbody"}
                     (Session info: chrome=141.0.7390.55)
                     For documentation on this error, please visit: https://www.selenium.dev/documentation/webdriver/troubleshooting/errors#no-such-element-exception
                     Build info: version: '4.17.0', revision: 'e52b1be057*'
                     System info: os.name: 'Windows 11', os.arch: 'amd64', os.version: '10.0', java.version: '17.0.12'
                     Driver info: org.openqa.selenium.chrome.ChromeDriver
                     Command: [7c7fccc23a82de8245fb693242f34a85, findElement {value=//*[@id='Catalog']/table/tbody, using=xpath}]
                     Capabilities {acceptInsecureCerts: false, browserName: chrome, browserVersion: 141.0.7390.55, chrome: {chromedriverVersion:
                     140.0.7339.185 (eeea00e459e..., userDataDir: C:\Users\MSI\AppData\Local\...}, fedcm:accounts: true, goog:chromeOptions: {debuggerAddress:
                     localhost:54190}, networkConnectionEnabled: false, pageLoadStrategy: normal, platformName: windows, proxy: Proxy(), se:cdp:
                     ws://localhost:54190/devtoo..., se:cdpVersion: 141.0.7390.55, setWindowRect: true, strictFileInteractability: false, timeouts:
                     {implicit: 0, pageLoad: 300000, script: 30000}, unhandledPromptBehavior: dismiss and notify, webauthn:extension:credBlob:
                     true, webauthn:extension:largeBlob: true, webauthn:extension:minPinLength: true, webauthn:extension:prf: true, webauthn:virtualAuthenticators:
                     true}
                     Session ID: 7c7fccc23a82de8245fb693242f34a85
                     
                  </a>
                   
                  
               </td>
            </tr>
            <tr>
               <td colspan="4" class="detailsBox">
                  <div id="testcases.DashBoardTest_verifyAllPets_byClass_FAIL3_details"
                       class="testMethodDetails">
                     <div>
                        <b>Name: </b>verifyAllPets
                     </div>
                     <div>
                        <b>Signature: </b>verifyAllPets()[pri:0, instance:testcases.DashBoardTest@54422e18]
                     </div>
                     <div>
                        <b>Start time: </b>17:03:28
                     </div>
                     <div>
                        <b>End time: </b>17:04:36
                     </div>
                     <div>
                        <b>Duration: </b>1m
                        9s
                        
                     </div>
                  </div>
               </td>
            </tr>
            <tr>
               <td colspan="4" class="detailsBox">
                  <div id="testcases.DashBoardTest_verifyAllPets_byClass_FAIL3_exception"
                       class="testMethodDetails">
                     <pre style="padding: 5px; margin: 0;">org.openqa.selenium.NoSuchElementException: no such element: Unable to locate element: {"method":"xpath","selector":"//*[@id='Catalog']/table/tbody"}
                        (Session info: chrome=141.0.7390.55)
                        For documentation on this error, please visit: https://www.selenium.dev/documentation/webdriver/troubleshooting/errors#no-such-element-exception
                        Build info: version: '4.17.0', revision: 'e52b1be057*'
                        System info: os.name: 'Windows 11', os.arch: 'amd64', os.version: '10.0', java.version: '17.0.12'
                        Driver info: org.openqa.selenium.chrome.ChromeDriver
                        Command: [7c7fccc23a82de8245fb693242f34a85, findElement {value=//*[@id='Catalog']/table/tbody, using=xpath}]
                        Capabilities {acceptInsecureCerts: false, browserName: chrome, browserVersion: 141.0.7390.55, chrome: {chromedriverVersion:
                        140.0.7339.185 (eeea00e459e..., userDataDir: C:\Users\MSI\AppData\Local\...}, fedcm:accounts: true, goog:chromeOptions: {debuggerAddress:
                        localhost:54190}, networkConnectionEnabled: false, pageLoadStrategy: normal, platformName: windows, proxy: Proxy(), se:cdp:
                        ws://localhost:54190/devtoo..., se:cdpVersion: 141.0.7390.55, setWindowRect: true, strictFileInteractability: false, timeouts:
                        {implicit: 0, pageLoad: 300000, script: 30000}, unhandledPromptBehavior: dismiss and notify, webauthn:extension:credBlob:
                        true, webauthn:extension:largeBlob: true, webauthn:extension:minPinLength: true, webauthn:extension:prf: true, webauthn:virtualAuthenticators:
                        true}
                        Session ID: 7c7fccc23a82de8245fb693242f34a85
                        at java.base/jdk.internal.reflect.NativeConstructorAccessorImpl.newInstance0(Native Method)
                        at java.base/jdk.internal.reflect.NativeConstructorAccessorImpl.newInstance(NativeConstructorAccessorImpl.java:77)
                        at java.base/jdk.internal.reflect.DelegatingConstructorAccessorImpl.newInstance(DelegatingConstructorAccessorImpl.java:45)
                        at java.base/java.lang.reflect.Constructor.newInstanceWithCaller(Constructor.java:499)
                        at java.base/java.lang.reflect.Constructor.newInstance(Constructor.java:480)
                        at org.openqa.selenium.remote.codec.w3c.W3CHttpResponseCodec.createException(W3CHttpResponseCodec.java:185)
                        at org.openqa.selenium.remote.codec.w3c.W3CHttpResponseCodec.decode(W3CHttpResponseCodec.java:134)
                        at org.openqa.selenium.remote.codec.w3c.W3CHttpResponseCodec.decode(W3CHttpResponseCodec.java:51)
                        at org.openqa.selenium.remote.HttpCommandExecutor.execute(HttpCommandExecutor.java:190)
                        at org.openqa.selenium.remote.service.DriverCommandExecutor.invokeExecute(DriverCommandExecutor.java:216)
                        at org.openqa.selenium.remote.service.DriverCommandExecutor.execute(DriverCommandExecutor.java:174)
                        at org.openqa.selenium.remote.RemoteWebDriver.execute(RemoteWebDriver.java:519)
                        at org.openqa.selenium.remote.ElementLocation$ElementFinder$2.findElement(ElementLocation.java:165)
                        at org.openqa.selenium.remote.ElementLocation.findElement(ElementLocation.java:59)
                        at org.openqa.selenium.remote.RemoteWebDriver.findElement(RemoteWebDriver.java:356)
                        at org.openqa.selenium.remote.RemoteWebDriver.findElement(RemoteWebDriver.java:350)
                        at keywords.GenericKeywords.getElement(GenericKeywords.java:135)
                        at keywords.ApplicationKeywords.verifyTableEntitites(ApplicationKeywords.java:83)
                        at driver.DriverScript.executeTest(DriverScript.java:78)
                        at testcases.DashBoardTest.verifyAllPets(DashBoardTest.java:39)
                        at java.base/jdk.internal.reflect.NativeMethodAccessorImpl.invoke0(Native Method)
                        at java.base/jdk.internal.reflect.NativeMethodAccessorImpl.invoke(NativeMethodAccessorImpl.java:77)
                        at java.base/jdk.internal.reflect.DelegatingMethodAccessorImpl.invoke(DelegatingMethodAccessorImpl.java:43)
                        at java.base/java.lang.reflect.Method.invoke(Method.java:568)
                        at org.testng.internal.invokers.MethodInvocationHelper.invokeMethod(MethodInvocationHelper.java:139)
                        at org.testng.internal.invokers.TestInvoker.invokeMethod(TestInvoker.java:664)
                        at org.testng.internal.invokers.TestInvoker.invokeTestMethod(TestInvoker.java:228)
                        at org.testng.internal.invokers.MethodRunner.runInSequence(MethodRunner.java:63)
                        at org.testng.internal.invokers.TestInvoker$MethodInvocationAgent.invoke(TestInvoker.java:961)
                        at org.testng.internal.invokers.TestInvoker.invokeTestMethods(TestInvoker.java:201)
                        at org.testng.internal.invokers.TestMethodWorker.invokeTestMethods(TestMethodWorker.java:148)
                        at org.testng.internal.invokers.TestMethodWorker.run(TestMethodWorker.java:128)
                        at java.base/java.util.ArrayList.forEach(ArrayList.java:1511)
                        at org.testng.TestRunner.privateRun(TestRunner.java:819)
                        at org.testng.TestRunner.run(TestRunner.java:619)
                        at org.testng.SuiteRunner.runTest(SuiteRunner.java:443)
                        at org.testng.SuiteRunner.runSequentially(SuiteRunner.java:437)
                        at org.testng.SuiteRunner.privateRun(SuiteRunner.java:397)
                        at org.testng.SuiteRunner.run(SuiteRunner.java:336)
                        at org.testng.SuiteRunnerWorker.runSuite(SuiteRunnerWorker.java:52)
                        at org.testng.SuiteRunnerWorker.run(SuiteRunnerWorker.java:95)
                        at org.testng.TestNG.runSuitesSequentially(TestNG.java:1301)
                        at org.testng.TestNG.runSuitesLocally(TestNG.java:1228)
                        at org.testng.TestNG.runSuites(TestNG.java:1134)
                        at org.testng.TestNG.run(TestNG.java:1101)
                        at org.apache.maven.surefire.testng.TestNGExecutor.run(TestNGExecutor.java:308)
                        at org.apache.maven.surefire.testng.TestNGXmlTestSuite.execute(TestNGXmlTestSuite.java:71)
                        at org.apache.maven.surefire.testng.TestNGProvider.invoke(TestNGProvider.java:113)
                        at org.apache.maven.surefire.booter.ForkedBooter.runSuitesInProcess(ForkedBooter.java:385)
                        at org.apache.maven.surefire.booter.ForkedBooter.execute(ForkedBooter.java:162)
                        at org.apache.maven.surefire.booter.ForkedBooter.run(ForkedBooter.java:507)
                        at org.apache.maven.surefire.booter.ForkedBooter.main(ForkedBooter.java:495)
                     </pre>
                  </div>
               </td>
            </tr>
            <tr id="testcases.DashBoardTest_quit_byClass_PASS4_row"
                class="testMethodStatusPASS testMethodStatusCONF">
               <td width="100%" class="firstMethodCell">
                  <a onclick="toggleDetailsVisibility('testcases.DashBoardTest_quit_byClass_PASS4_details')">quit(org.testng.TestRunner@2b43f314)</a>
               </td>
               <td nowrap="true">17:04:36</td>
               <td nowrap="true" align="right">284 ms
                  
               </td>
               <td nowrap="true">
                   
                  
               </td>
            </tr>
            <tr>
               <td colspan="4" class="detailsBox">
                  <div id="testcases.DashBoardTest_quit_byClass_PASS4_details"
                       class="testMethodDetails">
                     <div>
                        <b>Name: </b>quit
                     </div>
                     <div>
                        <b>Signature: </b>quit(org.testng.ITestContext)[pri:0, instance:testcases.DashBoardTest@54422e18]
                     </div>
                     <div>
                        <b>Parameters: </b>
                        
                        org.testng.TestRunner@2b43f314
                        
                        
                     </div>
                     <div>
                        <b>Start time: </b>17:04:36
                     </div>
                     <div>
                        <b>End time: </b>17:04:37
                     </div>
                     <div>
                        <b>Duration: </b>284 ms
                        
                     </div>
                  </div>
               </td>
            </tr>
            <tr></tr>
         </table>
         <br></br>
      </div>
      <div style="margin-top: 15px; color: gray; text-align: center; font-size: 9px;">
         Generated with
         
         <a href="http://code.google.com/p/testng-xslt/" style="color: #8888aa;"
            target="_blank">
            TestNG XSLT
            
         </a>
      </div>
   </body>
</html>