<html xmlns:math="http://exslt.org/math" xmlns:testng="http://testng.org">
   <head>
      <title>TestNG Results</title>
      <meta http-equiv="content-type" content="text/html; charset=utf-8"></meta>
      <meta http-equiv="pragma" content="no-cache"></meta>
      <meta http-equiv="cache-control" content="max-age=0"></meta>
      <meta http-equiv="cache-control" content="no-cache"></meta>
      <meta http-equiv="cache-control" content="no-store"></meta>
      <LINK rel="stylesheet" href="style.css"></LINK>
      <script type="text/javascript" src="main.js"></script>
   </head>
   <body>
      <table width="100%" style="font-size: 16px; margin-bottom: 10px;" cellspacing="1">
         <tr>
            <td width="100%">
               All methods in suite
               
               <b>JPetStore</b>
            </td>
            <td style="background-color: #FFBBBB; padding: 3px 3px 3px 0;" align="center">
               <div style="width: 50px;">1</div>
            </td>
            <td style="background-color: lightgreen; padding: 3px 3px 3px 0;" align="center">
               <div style="width: 50px;">1</div>
            </td>
            <td style="background-color: #FFFFBB; padding: 3px 3px 3px 0;" align="center">
               <div style="width: 50px;">3</div>
            </td>
            <td align="center" style="background-color: #eaf0f7; padding: 3px 3px 3px 0;">
               <div style="width: 50px;">5</div>
            </td>
            <td align="center"
                style="font-weight: bold; background-color: #eaf0f7; padding: 3px 3px 3px 0;">
               <div style="width: 50px;">20%</div>
            </td>
            <td style="background-color: #eaf0f7; padding: 3px 3px 3px 0;" align="center"
                nowrap="true">5m
               38s
               
            </td>
         </tr>
      </table>
      <div style="width: 200px;">
         <label for="groupMethodsCheckBox" style="font-weight: bold; margin: 0;">
            <input id="groupMethodsCheckBox" type="checkbox" onclick="switchTestMethodsView(this)"></input>
            Group by class
            
         </label>
         <br></br>
         <label for="methodsFilter_ALL" style="font-weight: bold; margin: 0;">
            <input id="methodsFilter_ALL" type="checkbox"
                   onclick="testMethodsFilterChanged(this, 'ALL')"></input>
            All
            
         </label>
      </div>
      <label for="methodsFilter_FAIL" style="margin-left: 20px;">
         <input id="methodsFilter_FAIL" type="checkbox"
                onclick="testMethodsFilterChanged(this, 'FAIL')"
                checked=""></input>
         Failed
         
      </label>
      <label for="methodsFilter_PASS">
         <input id="methodsFilter_PASS" type="checkbox"
                onclick="testMethodsFilterChanged(this, 'PASS')"
                checked=""></input>
         Passed
         
      </label>
      <label for="methodsFilter_SKIP">
         <input id="methodsFilter_SKIP" type="checkbox"
                onclick="testMethodsFilterChanged(this, 'SKIP')"
                checked=""></input>
         Skipped
         
      </label>
      <label for="methodsFilter_CONF">
         <input id="methodsFilter_CONF" type="checkbox"
                onclick="testMethodsFilterChanged(this, 'CONF')"></input>
         Config
         
      </label>
      <br></br>
      <div id="testMethodsByStatus">
         <table class="testMethodsTable" cellpadding="0" cellspacing="0">
            <tr class="methodsTableHeader">
               <td width="100%">Name</td>
               <td nowrap="true">Started</td>
               <td nowrap="true">Duration</td>
               <td>Exception</td>
            </tr>
            <tr id="testcases.DashBoardTest_verifyAllPets_byStatus_failed_FAIL1_row"
                class="testMethodStatusFAIL">
               <td width="100%" class="firstMethodCell">
                  <a onclick="toggleDetailsVisibility('testcases.DashBoardTest_verifyAllPets_byStatus_failed_FAIL1_details')">verifyAllPets()</a>
               </td>
               <td nowrap="true">16:24:21</td>
               <td nowrap="true" align="right">1m
                  8s
                  
               </td>
               <td nowrap="true">
                  <a onclick="toggleDetailsVisibility('testcases.DashBoardTest_verifyAllPets_byStatus_failed_FAIL1_exception')">java.lang.NullPointerException: 
                     Cannot invoke "org.openqa.selenium.WebElement.findElements(org.openqa.selenium.By)" because "table" is null
                     
                  </a>
                   
                  
               </td>
            </tr>
            <tr>
               <td colspan="4" class="detailsBox">
                  <div id="testcases.DashBoardTest_verifyAllPets_byStatus_failed_FAIL1_details"
                       class="testMethodDetails">
                     <div>
                        <b>Name: </b>verifyAllPets
                     </div>
                     <div>
                        <b>Signature: </b>verifyAllPets()[pri:0, instance:testcases.DashBoardTest@673fdbce]
                     </div>
                     <div>
                        <b>Start time: </b>16:24:21
                     </div>
                     <div>
                        <b>End time: </b>16:25:29
                     </div>
                     <div>
                        <b>Duration: </b>1m
                        8s
                        
                     </div>
                  </div>
               </td>
            </tr>
            <tr>
               <td colspan="4" class="detailsBox">
                  <div id="testcases.DashBoardTest_verifyAllPets_byStatus_failed_FAIL1_exception"
                       class="testMethodDetails">
                     <pre style="padding: 5px; margin: 0;">java.lang.NullPointerException: Cannot invoke "org.openqa.selenium.WebElement.findElements(org.openqa.selenium.By)" because
                        "table" is null
                        at keywords.ApplicationKeywords.verifyTableEntitites(ApplicationKeywords.java:85)
                        at driver.DriverScript.executeTest(DriverScript.java:78)
                        at testcases.DashBoardTest.verifyAllPets(DashBoardTest.java:40)
                        at java.base/jdk.internal.reflect.NativeMethodAccessorImpl.invoke0(Native Method)
                        at java.base/jdk.internal.reflect.NativeMethodAccessorImpl.invoke(NativeMethodAccessorImpl.java:77)
                        at java.base/jdk.internal.reflect.DelegatingMethodAccessorImpl.invoke(DelegatingMethodAccessorImpl.java:43)
                        at java.base/java.lang.reflect.Method.invoke(Method.java:568)
                        at org.testng.internal.invokers.MethodInvocationHelper.invokeMethod(MethodInvocationHelper.java:139)
                        at org.testng.internal.invokers.TestInvoker.invokeMethod(TestInvoker.java:664)
                        at org.testng.internal.invokers.TestInvoker.retryFailed(TestInvoker.java:249)
                        at org.testng.internal.invokers.MethodRunner.runInSequence(MethodRunner.java:76)
                        at org.testng.internal.invokers.TestInvoker$MethodInvocationAgent.invoke(TestInvoker.java:961)
                        at org.testng.internal.invokers.TestInvoker.invokeTestMethods(TestInvoker.java:201)
                        at org.testng.internal.invokers.TestMethodWorker.invokeTestMethods(TestMethodWorker.java:148)
                        at org.testng.internal.invokers.TestMethodWorker.run(TestMethodWorker.java:128)
                        at java.base/java.util.ArrayList.forEach(ArrayList.java:1511)
                        at org.testng.TestRunner.privateRun(TestRunner.java:819)
                        at org.testng.TestRunner.run(TestRunner.java:619)
                        at org.testng.SuiteRunner.runTest(SuiteRunner.java:443)
                        at org.testng.SuiteRunner.runSequentially(SuiteRunner.java:437)
                        at org.testng.SuiteRunner.privateRun(SuiteRunner.java:397)
                        at org.testng.SuiteRunner.run(SuiteRunner.java:336)
                        at org.testng.SuiteRunnerWorker.runSuite(SuiteRunnerWorker.java:52)
                        at org.testng.SuiteRunnerWorker.run(SuiteRunnerWorker.java:95)
                        at org.testng.TestNG.runSuitesSequentially(TestNG.java:1301)
                        at org.testng.TestNG.runSuitesLocally(TestNG.java:1228)
                        at org.testng.TestNG.runSuites(TestNG.java:1134)
                        at org.testng.TestNG.run(TestNG.java:1101)
                        at org.apache.maven.surefire.testng.TestNGExecutor.run(TestNGExecutor.java:308)
                        at org.apache.maven.surefire.testng.TestNGXmlTestSuite.execute(TestNGXmlTestSuite.java:71)
                        at org.apache.maven.surefire.testng.TestNGProvider.invoke(TestNGProvider.java:113)
                        at org.apache.maven.surefire.booter.ForkedBooter.runSuitesInProcess(ForkedBooter.java:385)
                        at org.apache.maven.surefire.booter.ForkedBooter.execute(ForkedBooter.java:162)
                        at org.apache.maven.surefire.booter.ForkedBooter.run(ForkedBooter.java:507)
                        at org.apache.maven.surefire.booter.ForkedBooter.main(ForkedBooter.java:495)
                     </pre>
                  </div>
               </td>
            </tr>
            <tr id="testcases.HomePageTest_beforeTest_byStatus_passed_PASS1_row"
                class="testMethodStatusPASS testMethodStatusCONF">
               <td width="100%" class="firstMethodCell">
                  <a onclick="toggleDetailsVisibility('testcases.HomePageTest_beforeTest_byStatus_passed_PASS1_details')">beforeTest(org.testng.TestRunner@6dd1c3ed)</a>
               </td>
               <td nowrap="true">16:20:52</td>
               <td nowrap="true" align="right">785 ms
                  
               </td>
               <td nowrap="true">
                   
                  
               </td>
            </tr>
            <tr>
               <td colspan="4" class="detailsBox">
                  <div id="testcases.HomePageTest_beforeTest_byStatus_passed_PASS1_details"
                       class="testMethodDetails">
                     <div>
                        <b>Name: </b>beforeTest
                     </div>
                     <div>
                        <b>Signature: </b>beforeTest(org.testng.ITestContext)[pri:0, instance:testcases.HomePageTest@231f98ef]
                     </div>
                     <div>
                        <b>Parameters: </b>
                        
                        org.testng.TestRunner@6dd1c3ed
                        
                        
                     </div>
                     <div>
                        <b>Start time: </b>16:20:52
                     </div>
                     <div>
                        <b>End time: </b>16:20:53
                     </div>
                     <div>
                        <b>Duration: </b>785 ms
                        
                     </div>
                  </div>
               </td>
            </tr>
            <tr></tr>
            <tr id="testcases.HomePageTest_beforeMethod_byStatus_passed_PASS2_row"
                class="testMethodStatusPASS testMethodStatusCONF">
               <td width="100%" class="firstMethodCell">
                  <a onclick="toggleDetailsVisibility('testcases.HomePageTest_beforeMethod_byStatus_passed_PASS2_details')">beforeMethod(org.testng.TestRunner@6dd1c3ed)</a>
               </td>
               <td nowrap="true">16:20:53</td>
               <td nowrap="true" align="right">1 ms
                  
               </td>
               <td nowrap="true">
                   
                  
               </td>
            </tr>
            <tr>
               <td colspan="4" class="detailsBox">
                  <div id="testcases.HomePageTest_beforeMethod_byStatus_passed_PASS2_details"
                       class="testMethodDetails">
                     <div>
                        <b>Name: </b>beforeMethod
                     </div>
                     <div>
                        <b>Signature: </b>beforeMethod(org.testng.ITestContext)[pri:0, instance:testcases.HomePageTest@231f98ef]
                     </div>
                     <div>
                        <b>Parameters: </b>
                        
                        org.testng.TestRunner@6dd1c3ed
                        
                        
                     </div>
                     <div>
                        <b>Start time: </b>16:20:53
                     </div>
                     <div>
                        <b>End time: </b>16:20:53
                     </div>
                     <div>
                        <b>Duration: </b>1 ms
                        
                     </div>
                  </div>
               </td>
            </tr>
            <tr></tr>
            <tr id="testcases.HomePageTest_VerifyHomePageTitle_byStatus_passed_PASS3_row"
                class="testMethodStatusPASS">
               <td width="100%" class="firstMethodCell">
                  <a onclick="toggleDetailsVisibility('testcases.HomePageTest_VerifyHomePageTitle_byStatus_passed_PASS3_details')">VerifyHomePageTitle(org.testng.TestRunner@6dd1c3ed)</a>
               </td>
               <td nowrap="true">16:20:53</td>
               <td nowrap="true" align="right">4s
                  
               </td>
               <td nowrap="true">
                   
                  
               </td>
            </tr>
            <tr>
               <td colspan="4" class="detailsBox">
                  <div id="testcases.HomePageTest_VerifyHomePageTitle_byStatus_passed_PASS3_details"
                       class="testMethodDetails">
                     <div>
                        <b>Name: </b>VerifyHomePageTitle
                     </div>
                     <div>
                        <b>Signature: </b>VerifyHomePageTitle(org.testng.ITestContext)[pri:0, instance:testcases.HomePageTest@231f98ef]
                     </div>
                     <div>
                        <b>Parameters: </b>
                        
                        org.testng.TestRunner@6dd1c3ed
                        
                        
                     </div>
                     <div>
                        <b>Start time: </b>16:20:53
                     </div>
                     <div>
                        <b>End time: </b>16:20:56
                     </div>
                     <div>
                        <b>Duration: </b>4s
                        
                     </div>
                  </div>
               </td>
            </tr>
            <tr></tr>
            <tr id="testcases.HomePageTest_quit_byStatus_passed_PASS4_row"
                class="testMethodStatusPASS testMethodStatusCONF">
               <td width="100%" class="firstMethodCell">
                  <a onclick="toggleDetailsVisibility('testcases.HomePageTest_quit_byStatus_passed_PASS4_details')">quit(org.testng.TestRunner@6dd1c3ed)</a>
               </td>
               <td nowrap="true">16:20:56</td>
               <td nowrap="true" align="right">283 ms
                  
               </td>
               <td nowrap="true">
                   
                  
               </td>
            </tr>
            <tr>
               <td colspan="4" class="detailsBox">
                  <div id="testcases.HomePageTest_quit_byStatus_passed_PASS4_details"
                       class="testMethodDetails">
                     <div>
                        <b>Name: </b>quit
                     </div>
                     <div>
                        <b>Signature: </b>quit(org.testng.ITestContext)[pri:0, instance:testcases.HomePageTest@231f98ef]
                     </div>
                     <div>
                        <b>Parameters: </b>
                        
                        org.testng.TestRunner@6dd1c3ed
                        
                        
                     </div>
                     <div>
                        <b>Start time: </b>16:20:56
                     </div>
                     <div>
                        <b>End time: </b>16:20:56
                     </div>
                     <div>
                        <b>Duration: </b>283 ms
                        
                     </div>
                  </div>
               </td>
            </tr>
            <tr></tr>
            <tr id="testcases.DashBoardTest_beforeTest_byStatus_passed_PASS5_row"
                class="testMethodStatusPASS testMethodStatusCONF">
               <td width="100%" class="firstMethodCell">
                  <a onclick="toggleDetailsVisibility('testcases.DashBoardTest_beforeTest_byStatus_passed_PASS5_details')">beforeTest(org.testng.TestRunner@2548fc01)</a>
               </td>
               <td nowrap="true">16:20:56</td>
               <td nowrap="true" align="right">18 ms
                  
               </td>
               <td nowrap="true">
                   
                  
               </td>
            </tr>
            <tr>
               <td colspan="4" class="detailsBox">
                  <div id="testcases.DashBoardTest_beforeTest_byStatus_passed_PASS5_details"
                       class="testMethodDetails">
                     <div>
                        <b>Name: </b>beforeTest
                     </div>
                     <div>
                        <b>Signature: </b>beforeTest(org.testng.ITestContext)[pri:0, instance:testcases.DashBoardTest@673fdbce]
                     </div>
                     <div>
                        <b>Parameters: </b>
                        
                        org.testng.TestRunner@2548fc01
                        
                        
                     </div>
                     <div>
                        <b>Start time: </b>16:20:56
                     </div>
                     <div>
                        <b>End time: </b>16:20:56
                     </div>
                     <div>
                        <b>Duration: </b>18 ms
                        
                     </div>
                  </div>
               </td>
            </tr>
            <tr></tr>
            <tr id="testcases.DashBoardTest_beforeMethod_byStatus_passed_PASS6_row"
                class="testMethodStatusPASS testMethodStatusCONF">
               <td width="100%" class="firstMethodCell">
                  <a onclick="toggleDetailsVisibility('testcases.DashBoardTest_beforeMethod_byStatus_passed_PASS6_details')">beforeMethod(org.testng.TestRunner@2548fc01)</a>
               </td>
               <td nowrap="true">16:20:56</td>
               <td nowrap="true" align="right">1 ms
                  
               </td>
               <td nowrap="true">
                   
                  
               </td>
            </tr>
            <tr>
               <td colspan="4" class="detailsBox">
                  <div id="testcases.DashBoardTest_beforeMethod_byStatus_passed_PASS6_details"
                       class="testMethodDetails">
                     <div>
                        <b>Name: </b>beforeMethod
                     </div>
                     <div>
                        <b>Signature: </b>beforeMethod(org.testng.ITestContext)[pri:0, instance:testcases.DashBoardTest@673fdbce]
                     </div>
                     <div>
                        <b>Parameters: </b>
                        
                        org.testng.TestRunner@2548fc01
                        
                        
                     </div>
                     <div>
                        <b>Start time: </b>16:20:56
                     </div>
                     <div>
                        <b>End time: </b>16:20:56
                     </div>
                     <div>
                        <b>Duration: </b>1 ms
                        
                     </div>
                  </div>
               </td>
            </tr>
            <tr></tr>
            <tr id="testcases.DashBoardTest_beforeMethod_byStatus_passed_PASS7_row"
                class="testMethodStatusPASS testMethodStatusCONF">
               <td width="100%" class="firstMethodCell">
                  <a onclick="toggleDetailsVisibility('testcases.DashBoardTest_beforeMethod_byStatus_passed_PASS7_details')">beforeMethod(org.testng.TestRunner@2548fc01)</a>
               </td>
               <td nowrap="true">16:22:05</td>
               <td nowrap="true" align="right">1 ms
                  
               </td>
               <td nowrap="true">
                   
                  
               </td>
            </tr>
            <tr>
               <td colspan="4" class="detailsBox">
                  <div id="testcases.DashBoardTest_beforeMethod_byStatus_passed_PASS7_details"
                       class="testMethodDetails">
                     <div>
                        <b>Name: </b>beforeMethod
                     </div>
                     <div>
                        <b>Signature: </b>beforeMethod(org.testng.ITestContext)[pri:0, instance:testcases.DashBoardTest@673fdbce]
                     </div>
                     <div>
                        <b>Parameters: </b>
                        
                        org.testng.TestRunner@2548fc01
                        
                        
                     </div>
                     <div>
                        <b>Start time: </b>16:22:05
                     </div>
                     <div>
                        <b>End time: </b>16:22:05
                     </div>
                     <div>
                        <b>Duration: </b>1 ms
                        
                     </div>
                  </div>
               </td>
            </tr>
            <tr></tr>
            <tr id="testcases.DashBoardTest_beforeMethod_byStatus_passed_PASS8_row"
                class="testMethodStatusPASS testMethodStatusCONF">
               <td width="100%" class="firstMethodCell">
                  <a onclick="toggleDetailsVisibility('testcases.DashBoardTest_beforeMethod_byStatus_passed_PASS8_details')">beforeMethod(org.testng.TestRunner@2548fc01)</a>
               </td>
               <td nowrap="true">16:23:13</td>
               <td nowrap="true" align="right">1 ms
                  
               </td>
               <td nowrap="true">
                   
                  
               </td>
            </tr>
            <tr>
               <td colspan="4" class="detailsBox">
                  <div id="testcases.DashBoardTest_beforeMethod_byStatus_passed_PASS8_details"
                       class="testMethodDetails">
                     <div>
                        <b>Name: </b>beforeMethod
                     </div>
                     <div>
                        <b>Signature: </b>beforeMethod(org.testng.ITestContext)[pri:0, instance:testcases.DashBoardTest@673fdbce]
                     </div>
                     <div>
                        <b>Parameters: </b>
                        
                        org.testng.TestRunner@2548fc01
                        
                        
                     </div>
                     <div>
                        <b>Start time: </b>16:23:13
                     </div>
                     <div>
                        <b>End time: </b>16:23:13
                     </div>
                     <div>
                        <b>Duration: </b>1 ms
                        
                     </div>
                  </div>
               </td>
            </tr>
            <tr></tr>
            <tr id="testcases.DashBoardTest_beforeMethod_byStatus_passed_PASS9_row"
                class="testMethodStatusPASS testMethodStatusCONF">
               <td width="100%" class="firstMethodCell">
                  <a onclick="toggleDetailsVisibility('testcases.DashBoardTest_beforeMethod_byStatus_passed_PASS9_details')">beforeMethod(org.testng.TestRunner@2548fc01)</a>
               </td>
               <td nowrap="true">16:24:21</td>
               <td nowrap="true" align="right">0 ms
                  
               </td>
               <td nowrap="true">
                   
                  
               </td>
            </tr>
            <tr>
               <td colspan="4" class="detailsBox">
                  <div id="testcases.DashBoardTest_beforeMethod_byStatus_passed_PASS9_details"
                       class="testMethodDetails">
                     <div>
                        <b>Name: </b>beforeMethod
                     </div>
                     <div>
                        <b>Signature: </b>beforeMethod(org.testng.ITestContext)[pri:0, instance:testcases.DashBoardTest@673fdbce]
                     </div>
                     <div>
                        <b>Parameters: </b>
                        
                        org.testng.TestRunner@2548fc01
                        
                        
                     </div>
                     <div>
                        <b>Start time: </b>16:24:21
                     </div>
                     <div>
                        <b>End time: </b>16:24:21
                     </div>
                     <div>
                        <b>Duration: </b>0 ms
                        
                     </div>
                  </div>
               </td>
            </tr>
            <tr></tr>
            <tr id="testcases.DashBoardTest_quit_byStatus_passed_PASS10_row"
                class="testMethodStatusPASS testMethodStatusCONF">
               <td width="100%" class="firstMethodCell">
                  <a onclick="toggleDetailsVisibility('testcases.DashBoardTest_quit_byStatus_passed_PASS10_details')">quit(org.testng.TestRunner@2548fc01)</a>
               </td>
               <td nowrap="true">16:25:29</td>
               <td nowrap="true" align="right">146 ms
                  
               </td>
               <td nowrap="true">
                   
                  
               </td>
            </tr>
            <tr>
               <td colspan="4" class="detailsBox">
                  <div id="testcases.DashBoardTest_quit_byStatus_passed_PASS10_details"
                       class="testMethodDetails">
                     <div>
                        <b>Name: </b>quit
                     </div>
                     <div>
                        <b>Signature: </b>quit(org.testng.ITestContext)[pri:0, instance:testcases.DashBoardTest@673fdbce]
                     </div>
                     <div>
                        <b>Parameters: </b>
                        
                        org.testng.TestRunner@2548fc01
                        
                        
                     </div>
                     <div>
                        <b>Start time: </b>16:25:29
                     </div>
                     <div>
                        <b>End time: </b>16:25:30
                     </div>
                     <div>
                        <b>Duration: </b>146 ms
                        
                     </div>
                  </div>
               </td>
            </tr>
            <tr></tr>
            <tr id="testcases.DashBoardTest_verifyAllPets_byStatus_skiped_SKIP1_row"
                class="testMethodStatusSKIP">
               <td width="100%" class="firstMethodCell">
                  <a onclick="toggleDetailsVisibility('testcases.DashBoardTest_verifyAllPets_byStatus_skiped_SKIP1_details')">verifyAllPets()</a>
               </td>
               <td nowrap="true">16:20:56</td>
               <td nowrap="true" align="right">1m
                  8s
                  
               </td>
               <td nowrap="true">
                  <a onclick="toggleDetailsVisibility('testcases.DashBoardTest_verifyAllPets_byStatus_skiped_SKIP1_exception')">java.lang.NullPointerException: 
                     Cannot invoke "org.openqa.selenium.WebElement.findElements(org.openqa.selenium.By)" because "table" is null
                     
                  </a>
                   
                  
               </td>
            </tr>
            <tr>
               <td colspan="4" class="detailsBox">
                  <div id="testcases.DashBoardTest_verifyAllPets_byStatus_skiped_SKIP1_details"
                       class="testMethodDetails">
                     <div>
                        <b>Name: </b>verifyAllPets
                     </div>
                     <div>
                        <b>Signature: </b>verifyAllPets()[pri:0, instance:testcases.DashBoardTest@673fdbce]
                     </div>
                     <div>
                        <b>Start time: </b>16:20:56
                     </div>
                     <div>
                        <b>End time: </b>16:22:05
                     </div>
                     <div>
                        <b>Duration: </b>1m
                        8s
                        
                     </div>
                  </div>
               </td>
            </tr>
            <tr>
               <td colspan="4" class="detailsBox">
                  <div id="testcases.DashBoardTest_verifyAllPets_byStatus_skiped_SKIP1_exception"
                       class="testMethodDetails">
                     <pre style="padding: 5px; margin: 0;">java.lang.NullPointerException: Cannot invoke "org.openqa.selenium.WebElement.findElements(org.openqa.selenium.By)" because
                        "table" is null
                        at keywords.ApplicationKeywords.verifyTableEntitites(ApplicationKeywords.java:85)
                        at driver.DriverScript.executeTest(DriverScript.java:78)
                        at testcases.DashBoardTest.verifyAllPets(DashBoardTest.java:40)
                        at java.base/jdk.internal.reflect.NativeMethodAccessorImpl.invoke0(Native Method)
                        at java.base/jdk.internal.reflect.NativeMethodAccessorImpl.invoke(NativeMethodAccessorImpl.java:77)
                        at java.base/jdk.internal.reflect.DelegatingMethodAccessorImpl.invoke(DelegatingMethodAccessorImpl.java:43)
                        at java.base/java.lang.reflect.Method.invoke(Method.java:568)
                        at org.testng.internal.invokers.MethodInvocationHelper.invokeMethod(MethodInvocationHelper.java:139)
                        at org.testng.internal.invokers.TestInvoker.invokeMethod(TestInvoker.java:664)
                        at org.testng.internal.invokers.TestInvoker.invokeTestMethod(TestInvoker.java:228)
                        at org.testng.internal.invokers.MethodRunner.runInSequence(MethodRunner.java:63)
                        at org.testng.internal.invokers.TestInvoker$MethodInvocationAgent.invoke(TestInvoker.java:961)
                        at org.testng.internal.invokers.TestInvoker.invokeTestMethods(TestInvoker.java:201)
                        at org.testng.internal.invokers.TestMethodWorker.invokeTestMethods(TestMethodWorker.java:148)
                        at org.testng.internal.invokers.TestMethodWorker.run(TestMethodWorker.java:128)
                        at java.base/java.util.ArrayList.forEach(ArrayList.java:1511)
                        at org.testng.TestRunner.privateRun(TestRunner.java:819)
                        at org.testng.TestRunner.run(TestRunner.java:619)
                        at org.testng.SuiteRunner.runTest(SuiteRunner.java:443)
                        at org.testng.SuiteRunner.runSequentially(SuiteRunner.java:437)
                        at org.testng.SuiteRunner.privateRun(SuiteRunner.java:397)
                        at org.testng.SuiteRunner.run(SuiteRunner.java:336)
                        at org.testng.SuiteRunnerWorker.runSuite(SuiteRunnerWorker.java:52)
                        at org.testng.SuiteRunnerWorker.run(SuiteRunnerWorker.java:95)
                        at org.testng.TestNG.runSuitesSequentially(TestNG.java:1301)
                        at org.testng.TestNG.runSuitesLocally(TestNG.java:1228)
                        at org.testng.TestNG.runSuites(TestNG.java:1134)
                        at org.testng.TestNG.run(TestNG.java:1101)
                        at org.apache.maven.surefire.testng.TestNGExecutor.run(TestNGExecutor.java:308)
                        at org.apache.maven.surefire.testng.TestNGXmlTestSuite.execute(TestNGXmlTestSuite.java:71)
                        at org.apache.maven.surefire.testng.TestNGProvider.invoke(TestNGProvider.java:113)
                        at org.apache.maven.surefire.booter.ForkedBooter.runSuitesInProcess(ForkedBooter.java:385)
                        at org.apache.maven.surefire.booter.ForkedBooter.execute(ForkedBooter.java:162)
                        at org.apache.maven.surefire.booter.ForkedBooter.run(ForkedBooter.java:507)
                        at org.apache.maven.surefire.booter.ForkedBooter.main(ForkedBooter.java:495)
                     </pre>
                  </div>
               </td>
            </tr>
            <tr id="testcases.DashBoardTest_verifyAllPets_byStatus_skiped_SKIP2_row"
                class="testMethodStatusSKIP">
               <td width="100%" class="firstMethodCell">
                  <a onclick="toggleDetailsVisibility('testcases.DashBoardTest_verifyAllPets_byStatus_skiped_SKIP2_details')">verifyAllPets()</a>
               </td>
               <td nowrap="true">16:22:05</td>
               <td nowrap="true" align="right">1m
                  8s
                  
               </td>
               <td nowrap="true">
                  <a onclick="toggleDetailsVisibility('testcases.DashBoardTest_verifyAllPets_byStatus_skiped_SKIP2_exception')">java.lang.NullPointerException: 
                     Cannot invoke "org.openqa.selenium.WebElement.findElements(org.openqa.selenium.By)" because "table" is null
                     
                  </a>
                   
                  
               </td>
            </tr>
            <tr>
               <td colspan="4" class="detailsBox">
                  <div id="testcases.DashBoardTest_verifyAllPets_byStatus_skiped_SKIP2_details"
                       class="testMethodDetails">
                     <div>
                        <b>Name: </b>verifyAllPets
                     </div>
                     <div>
                        <b>Signature: </b>verifyAllPets()[pri:0, instance:testcases.DashBoardTest@673fdbce]
                     </div>
                     <div>
                        <b>Start time: </b>16:22:05
                     </div>
                     <div>
                        <b>End time: </b>16:23:13
                     </div>
                     <div>
                        <b>Duration: </b>1m
                        8s
                        
                     </div>
                  </div>
               </td>
            </tr>
            <tr>
               <td colspan="4" class="detailsBox">
                  <div id="testcases.DashBoardTest_verifyAllPets_byStatus_skiped_SKIP2_exception"
                       class="testMethodDetails">
                     <pre style="padding: 5px; margin: 0;">java.lang.NullPointerException: Cannot invoke "org.openqa.selenium.WebElement.findElements(org.openqa.selenium.By)" because
                        "table" is null
                        at keywords.ApplicationKeywords.verifyTableEntitites(ApplicationKeywords.java:85)
                        at driver.DriverScript.executeTest(DriverScript.java:78)
                        at testcases.DashBoardTest.verifyAllPets(DashBoardTest.java:40)
                        at java.base/jdk.internal.reflect.NativeMethodAccessorImpl.invoke0(Native Method)
                        at java.base/jdk.internal.reflect.NativeMethodAccessorImpl.invoke(NativeMethodAccessorImpl.java:77)
                        at java.base/jdk.internal.reflect.DelegatingMethodAccessorImpl.invoke(DelegatingMethodAccessorImpl.java:43)
                        at java.base/java.lang.reflect.Method.invoke(Method.java:568)
                        at org.testng.internal.invokers.MethodInvocationHelper.invokeMethod(MethodInvocationHelper.java:139)
                        at org.testng.internal.invokers.TestInvoker.invokeMethod(TestInvoker.java:664)
                        at org.testng.internal.invokers.TestInvoker.retryFailed(TestInvoker.java:249)
                        at org.testng.internal.invokers.MethodRunner.runInSequence(MethodRunner.java:76)
                        at org.testng.internal.invokers.TestInvoker$MethodInvocationAgent.invoke(TestInvoker.java:961)
                        at org.testng.internal.invokers.TestInvoker.invokeTestMethods(TestInvoker.java:201)
                        at org.testng.internal.invokers.TestMethodWorker.invokeTestMethods(TestMethodWorker.java:148)
                        at org.testng.internal.invokers.TestMethodWorker.run(TestMethodWorker.java:128)
                        at java.base/java.util.ArrayList.forEach(ArrayList.java:1511)
                        at org.testng.TestRunner.privateRun(TestRunner.java:819)
                        at org.testng.TestRunner.run(TestRunner.java:619)
                        at org.testng.SuiteRunner.runTest(SuiteRunner.java:443)
                        at org.testng.SuiteRunner.runSequentially(SuiteRunner.java:437)
                        at org.testng.SuiteRunner.privateRun(SuiteRunner.java:397)
                        at org.testng.SuiteRunner.run(SuiteRunner.java:336)
                        at org.testng.SuiteRunnerWorker.runSuite(SuiteRunnerWorker.java:52)
                        at org.testng.SuiteRunnerWorker.run(SuiteRunnerWorker.java:95)
                        at org.testng.TestNG.runSuitesSequentially(TestNG.java:1301)
                        at org.testng.TestNG.runSuitesLocally(TestNG.java:1228)
                        at org.testng.TestNG.runSuites(TestNG.java:1134)
                        at org.testng.TestNG.run(TestNG.java:1101)
                        at org.apache.maven.surefire.testng.TestNGExecutor.run(TestNGExecutor.java:308)
                        at org.apache.maven.surefire.testng.TestNGXmlTestSuite.execute(TestNGXmlTestSuite.java:71)
                        at org.apache.maven.surefire.testng.TestNGProvider.invoke(TestNGProvider.java:113)
                        at org.apache.maven.surefire.booter.ForkedBooter.runSuitesInProcess(ForkedBooter.java:385)
                        at org.apache.maven.surefire.booter.ForkedBooter.execute(ForkedBooter.java:162)
                        at org.apache.maven.surefire.booter.ForkedBooter.run(ForkedBooter.java:507)
                        at org.apache.maven.surefire.booter.ForkedBooter.main(ForkedBooter.java:495)
                     </pre>
                  </div>
               </td>
            </tr>
            <tr id="testcases.DashBoardTest_verifyAllPets_byStatus_skiped_SKIP3_row"
                class="testMethodStatusSKIP">
               <td width="100%" class="firstMethodCell">
                  <a onclick="toggleDetailsVisibility('testcases.DashBoardTest_verifyAllPets_byStatus_skiped_SKIP3_details')">verifyAllPets()</a>
               </td>
               <td nowrap="true">16:23:13</td>
               <td nowrap="true" align="right">1m
                  8s
                  
               </td>
               <td nowrap="true">
                  <a onclick="toggleDetailsVisibility('testcases.DashBoardTest_verifyAllPets_byStatus_skiped_SKIP3_exception')">java.lang.NullPointerException: 
                     Cannot invoke "org.openqa.selenium.WebElement.findElements(org.openqa.selenium.By)" because "table" is null
                     
                  </a>
                   
                  
               </td>
            </tr>
            <tr>
               <td colspan="4" class="detailsBox">
                  <div id="testcases.DashBoardTest_verifyAllPets_byStatus_skiped_SKIP3_details"
                       class="testMethodDetails">
                     <div>
                        <b>Name: </b>verifyAllPets
                     </div>
                     <div>
                        <b>Signature: </b>verifyAllPets()[pri:0, instance:testcases.DashBoardTest@673fdbce]
                     </div>
                     <div>
                        <b>Start time: </b>16:23:13
                     </div>
                     <div>
                        <b>End time: </b>16:24:21
                     </div>
                     <div>
                        <b>Duration: </b>1m
                        8s
                        
                     </div>
                  </div>
               </td>
            </tr>
            <tr>
               <td colspan="4" class="detailsBox">
                  <div id="testcases.DashBoardTest_verifyAllPets_byStatus_skiped_SKIP3_exception"
                       class="testMethodDetails">
                     <pre style="padding: 5px; margin: 0;">java.lang.NullPointerException: Cannot invoke "org.openqa.selenium.WebElement.findElements(org.openqa.selenium.By)" because
                        "table" is null
                        at keywords.ApplicationKeywords.verifyTableEntitites(ApplicationKeywords.java:85)
                        at driver.DriverScript.executeTest(DriverScript.java:78)
                        at testcases.DashBoardTest.verifyAllPets(DashBoardTest.java:40)
                        at java.base/jdk.internal.reflect.NativeMethodAccessorImpl.invoke0(Native Method)
                        at java.base/jdk.internal.reflect.NativeMethodAccessorImpl.invoke(NativeMethodAccessorImpl.java:77)
                        at java.base/jdk.internal.reflect.DelegatingMethodAccessorImpl.invoke(DelegatingMethodAccessorImpl.java:43)
                        at java.base/java.lang.reflect.Method.invoke(Method.java:568)
                        at org.testng.internal.invokers.MethodInvocationHelper.invokeMethod(MethodInvocationHelper.java:139)
                        at org.testng.internal.invokers.TestInvoker.invokeMethod(TestInvoker.java:664)
                        at org.testng.internal.invokers.TestInvoker.retryFailed(TestInvoker.java:249)
                        at org.testng.internal.invokers.MethodRunner.runInSequence(MethodRunner.java:76)
                        at org.testng.internal.invokers.TestInvoker$MethodInvocationAgent.invoke(TestInvoker.java:961)
                        at org.testng.internal.invokers.TestInvoker.invokeTestMethods(TestInvoker.java:201)
                        at org.testng.internal.invokers.TestMethodWorker.invokeTestMethods(TestMethodWorker.java:148)
                        at org.testng.internal.invokers.TestMethodWorker.run(TestMethodWorker.java:128)
                        at java.base/java.util.ArrayList.forEach(ArrayList.java:1511)
                        at org.testng.TestRunner.privateRun(TestRunner.java:819)
                        at org.testng.TestRunner.run(TestRunner.java:619)
                        at org.testng.SuiteRunner.runTest(SuiteRunner.java:443)
                        at org.testng.SuiteRunner.runSequentially(SuiteRunner.java:437)
                        at org.testng.SuiteRunner.privateRun(SuiteRunner.java:397)
                        at org.testng.SuiteRunner.run(SuiteRunner.java:336)
                        at org.testng.SuiteRunnerWorker.runSuite(SuiteRunnerWorker.java:52)
                        at org.testng.SuiteRunnerWorker.run(SuiteRunnerWorker.java:95)
                        at org.testng.TestNG.runSuitesSequentially(TestNG.java:1301)
                        at org.testng.TestNG.runSuitesLocally(TestNG.java:1228)
                        at org.testng.TestNG.runSuites(TestNG.java:1134)
                        at org.testng.TestNG.run(TestNG.java:1101)
                        at org.apache.maven.surefire.testng.TestNGExecutor.run(TestNGExecutor.java:308)
                        at org.apache.maven.surefire.testng.TestNGXmlTestSuite.execute(TestNGXmlTestSuite.java:71)
                        at org.apache.maven.surefire.testng.TestNGProvider.invoke(TestNGProvider.java:113)
                        at org.apache.maven.surefire.booter.ForkedBooter.runSuitesInProcess(ForkedBooter.java:385)
                        at org.apache.maven.surefire.booter.ForkedBooter.execute(ForkedBooter.java:162)
                        at org.apache.maven.surefire.booter.ForkedBooter.run(ForkedBooter.java:507)
                        at org.apache.maven.surefire.booter.ForkedBooter.main(ForkedBooter.java:495)
                     </pre>
                  </div>
               </td>
            </tr>
         </table>
      </div>
      <div id="testMethodsByClass" style="display: none;">
         <table class="testMethodsTable" cellpadding="0" cellspacing="0">
            <tr>
               <td colspan="4">
                  <h3 style="display: inline;">testcases.DashBoardTest</h3>
               </td>
            </tr>
            <tr class="methodsTableHeader">
               <td width="100%">Name</td>
               <td nowrap="true">Started</td>
               <td nowrap="true">Duration</td>
               <td>Exception</td>
            </tr>
            <tr id="testcases.DashBoardTest_beforeTest_byClass_PASS1_row"
                class="testMethodStatusPASS testMethodStatusCONF">
               <td width="100%" class="firstMethodCell">
                  <a onclick="toggleDetailsVisibility('testcases.DashBoardTest_beforeTest_byClass_PASS1_details')">beforeTest(org.testng.TestRunner@2548fc01)</a>
               </td>
               <td nowrap="true">16:20:56</td>
               <td nowrap="true" align="right">18 ms
                  
               </td>
               <td nowrap="true">
                   
                  
               </td>
            </tr>
            <tr>
               <td colspan="4" class="detailsBox">
                  <div id="testcases.DashBoardTest_beforeTest_byClass_PASS1_details"
                       class="testMethodDetails">
                     <div>
                        <b>Name: </b>beforeTest
                     </div>
                     <div>
                        <b>Signature: </b>beforeTest(org.testng.ITestContext)[pri:0, instance:testcases.DashBoardTest@673fdbce]
                     </div>
                     <div>
                        <b>Parameters: </b>
                        
                        org.testng.TestRunner@2548fc01
                        
                        
                     </div>
                     <div>
                        <b>Start time: </b>16:20:56
                     </div>
                     <div>
                        <b>End time: </b>16:20:56
                     </div>
                     <div>
                        <b>Duration: </b>18 ms
                        
                     </div>
                  </div>
               </td>
            </tr>
            <tr></tr>
            <tr id="testcases.DashBoardTest_beforeMethod_byClass_PASS2_row"
                class="testMethodStatusPASS testMethodStatusCONF">
               <td width="100%" class="firstMethodCell">
                  <a onclick="toggleDetailsVisibility('testcases.DashBoardTest_beforeMethod_byClass_PASS2_details')">beforeMethod(org.testng.TestRunner@2548fc01)</a>
               </td>
               <td nowrap="true">16:20:56</td>
               <td nowrap="true" align="right">1 ms
                  
               </td>
               <td nowrap="true">
                   
                  
               </td>
            </tr>
            <tr>
               <td colspan="4" class="detailsBox">
                  <div id="testcases.DashBoardTest_beforeMethod_byClass_PASS2_details"
                       class="testMethodDetails">
                     <div>
                        <b>Name: </b>beforeMethod
                     </div>
                     <div>
                        <b>Signature: </b>beforeMethod(org.testng.ITestContext)[pri:0, instance:testcases.DashBoardTest@673fdbce]
                     </div>
                     <div>
                        <b>Parameters: </b>
                        
                        org.testng.TestRunner@2548fc01
                        
                        
                     </div>
                     <div>
                        <b>Start time: </b>16:20:56
                     </div>
                     <div>
                        <b>End time: </b>16:20:56
                     </div>
                     <div>
                        <b>Duration: </b>1 ms
                        
                     </div>
                  </div>
               </td>
            </tr>
            <tr></tr>
            <tr id="testcases.DashBoardTest_verifyAllPets_byClass_SKIP3_row"
                class="testMethodStatusSKIP">
               <td width="100%" class="firstMethodCell">
                  <a onclick="toggleDetailsVisibility('testcases.DashBoardTest_verifyAllPets_byClass_SKIP3_details')">verifyAllPets()</a>
               </td>
               <td nowrap="true">16:20:56</td>
               <td nowrap="true" align="right">1m
                  8s
                  
               </td>
               <td nowrap="true">
                  <a onclick="toggleDetailsVisibility('testcases.DashBoardTest_verifyAllPets_byClass_SKIP3_exception')">java.lang.NullPointerException: 
                     Cannot invoke "org.openqa.selenium.WebElement.findElements(org.openqa.selenium.By)" because "table" is null
                     
                  </a>
                   
                  
               </td>
            </tr>
            <tr>
               <td colspan="4" class="detailsBox">
                  <div id="testcases.DashBoardTest_verifyAllPets_byClass_SKIP3_details"
                       class="testMethodDetails">
                     <div>
                        <b>Name: </b>verifyAllPets
                     </div>
                     <div>
                        <b>Signature: </b>verifyAllPets()[pri:0, instance:testcases.DashBoardTest@673fdbce]
                     </div>
                     <div>
                        <b>Start time: </b>16:20:56
                     </div>
                     <div>
                        <b>End time: </b>16:22:05
                     </div>
                     <div>
                        <b>Duration: </b>1m
                        8s
                        
                     </div>
                  </div>
               </td>
            </tr>
            <tr>
               <td colspan="4" class="detailsBox">
                  <div id="testcases.DashBoardTest_verifyAllPets_byClass_SKIP3_exception"
                       class="testMethodDetails">
                     <pre style="padding: 5px; margin: 0;">java.lang.NullPointerException: Cannot invoke "org.openqa.selenium.WebElement.findElements(org.openqa.selenium.By)" because
                        "table" is null
                        at keywords.ApplicationKeywords.verifyTableEntitites(ApplicationKeywords.java:85)
                        at driver.DriverScript.executeTest(DriverScript.java:78)
                        at testcases.DashBoardTest.verifyAllPets(DashBoardTest.java:40)
                        at java.base/jdk.internal.reflect.NativeMethodAccessorImpl.invoke0(Native Method)
                        at java.base/jdk.internal.reflect.NativeMethodAccessorImpl.invoke(NativeMethodAccessorImpl.java:77)
                        at java.base/jdk.internal.reflect.DelegatingMethodAccessorImpl.invoke(DelegatingMethodAccessorImpl.java:43)
                        at java.base/java.lang.reflect.Method.invoke(Method.java:568)
                        at org.testng.internal.invokers.MethodInvocationHelper.invokeMethod(MethodInvocationHelper.java:139)
                        at org.testng.internal.invokers.TestInvoker.invokeMethod(TestInvoker.java:664)
                        at org.testng.internal.invokers.TestInvoker.invokeTestMethod(TestInvoker.java:228)
                        at org.testng.internal.invokers.MethodRunner.runInSequence(MethodRunner.java:63)
                        at org.testng.internal.invokers.TestInvoker$MethodInvocationAgent.invoke(TestInvoker.java:961)
                        at org.testng.internal.invokers.TestInvoker.invokeTestMethods(TestInvoker.java:201)
                        at org.testng.internal.invokers.TestMethodWorker.invokeTestMethods(TestMethodWorker.java:148)
                        at org.testng.internal.invokers.TestMethodWorker.run(TestMethodWorker.java:128)
                        at java.base/java.util.ArrayList.forEach(ArrayList.java:1511)
                        at org.testng.TestRunner.privateRun(TestRunner.java:819)
                        at org.testng.TestRunner.run(TestRunner.java:619)
                        at org.testng.SuiteRunner.runTest(SuiteRunner.java:443)
                        at org.testng.SuiteRunner.runSequentially(SuiteRunner.java:437)
                        at org.testng.SuiteRunner.privateRun(SuiteRunner.java:397)
                        at org.testng.SuiteRunner.run(SuiteRunner.java:336)
                        at org.testng.SuiteRunnerWorker.runSuite(SuiteRunnerWorker.java:52)
                        at org.testng.SuiteRunnerWorker.run(SuiteRunnerWorker.java:95)
                        at org.testng.TestNG.runSuitesSequentially(TestNG.java:1301)
                        at org.testng.TestNG.runSuitesLocally(TestNG.java:1228)
                        at org.testng.TestNG.runSuites(TestNG.java:1134)
                        at org.testng.TestNG.run(TestNG.java:1101)
                        at org.apache.maven.surefire.testng.TestNGExecutor.run(TestNGExecutor.java:308)
                        at org.apache.maven.surefire.testng.TestNGXmlTestSuite.execute(TestNGXmlTestSuite.java:71)
                        at org.apache.maven.surefire.testng.TestNGProvider.invoke(TestNGProvider.java:113)
                        at org.apache.maven.surefire.booter.ForkedBooter.runSuitesInProcess(ForkedBooter.java:385)
                        at org.apache.maven.surefire.booter.ForkedBooter.execute(ForkedBooter.java:162)
                        at org.apache.maven.surefire.booter.ForkedBooter.run(ForkedBooter.java:507)
                        at org.apache.maven.surefire.booter.ForkedBooter.main(ForkedBooter.java:495)
                     </pre>
                  </div>
               </td>
            </tr>
            <tr id="testcases.DashBoardTest_beforeMethod_byClass_PASS4_row"
                class="testMethodStatusPASS testMethodStatusCONF">
               <td width="100%" class="firstMethodCell">
                  <a onclick="toggleDetailsVisibility('testcases.DashBoardTest_beforeMethod_byClass_PASS4_details')">beforeMethod(org.testng.TestRunner@2548fc01)</a>
               </td>
               <td nowrap="true">16:22:05</td>
               <td nowrap="true" align="right">1 ms
                  
               </td>
               <td nowrap="true">
                   
                  
               </td>
            </tr>
            <tr>
               <td colspan="4" class="detailsBox">
                  <div id="testcases.DashBoardTest_beforeMethod_byClass_PASS4_details"
                       class="testMethodDetails">
                     <div>
                        <b>Name: </b>beforeMethod
                     </div>
                     <div>
                        <b>Signature: </b>beforeMethod(org.testng.ITestContext)[pri:0, instance:testcases.DashBoardTest@673fdbce]
                     </div>
                     <div>
                        <b>Parameters: </b>
                        
                        org.testng.TestRunner@2548fc01
                        
                        
                     </div>
                     <div>
                        <b>Start time: </b>16:22:05
                     </div>
                     <div>
                        <b>End time: </b>16:22:05
                     </div>
                     <div>
                        <b>Duration: </b>1 ms
                        
                     </div>
                  </div>
               </td>
            </tr>
            <tr></tr>
            <tr id="testcases.DashBoardTest_verifyAllPets_byClass_SKIP5_row"
                class="testMethodStatusSKIP">
               <td width="100%" class="firstMethodCell">
                  <a onclick="toggleDetailsVisibility('testcases.DashBoardTest_verifyAllPets_byClass_SKIP5_details')">verifyAllPets()</a>
               </td>
               <td nowrap="true">16:22:05</td>
               <td nowrap="true" align="right">1m
                  8s
                  
               </td>
               <td nowrap="true">
                  <a onclick="toggleDetailsVisibility('testcases.DashBoardTest_verifyAllPets_byClass_SKIP5_exception')">java.lang.NullPointerException: 
                     Cannot invoke "org.openqa.selenium.WebElement.findElements(org.openqa.selenium.By)" because "table" is null
                     
                  </a>
                   
                  
               </td>
            </tr>
            <tr>
               <td colspan="4" class="detailsBox">
                  <div id="testcases.DashBoardTest_verifyAllPets_byClass_SKIP5_details"
                       class="testMethodDetails">
                     <div>
                        <b>Name: </b>verifyAllPets
                     </div>
                     <div>
                        <b>Signature: </b>verifyAllPets()[pri:0, instance:testcases.DashBoardTest@673fdbce]
                     </div>
                     <div>
                        <b>Start time: </b>16:22:05
                     </div>
                     <div>
                        <b>End time: </b>16:23:13
                     </div>
                     <div>
                        <b>Duration: </b>1m
                        8s
                        
                     </div>
                  </div>
               </td>
            </tr>
            <tr>
               <td colspan="4" class="detailsBox">
                  <div id="testcases.DashBoardTest_verifyAllPets_byClass_SKIP5_exception"
                       class="testMethodDetails">
                     <pre style="padding: 5px; margin: 0;">java.lang.NullPointerException: Cannot invoke "org.openqa.selenium.WebElement.findElements(org.openqa.selenium.By)" because
                        "table" is null
                        at keywords.ApplicationKeywords.verifyTableEntitites(ApplicationKeywords.java:85)
                        at driver.DriverScript.executeTest(DriverScript.java:78)
                        at testcases.DashBoardTest.verifyAllPets(DashBoardTest.java:40)
                        at java.base/jdk.internal.reflect.NativeMethodAccessorImpl.invoke0(Native Method)
                        at java.base/jdk.internal.reflect.NativeMethodAccessorImpl.invoke(NativeMethodAccessorImpl.java:77)
                        at java.base/jdk.internal.reflect.DelegatingMethodAccessorImpl.invoke(DelegatingMethodAccessorImpl.java:43)
                        at java.base/java.lang.reflect.Method.invoke(Method.java:568)
                        at org.testng.internal.invokers.MethodInvocationHelper.invokeMethod(MethodInvocationHelper.java:139)
                        at org.testng.internal.invokers.TestInvoker.invokeMethod(TestInvoker.java:664)
                        at org.testng.internal.invokers.TestInvoker.retryFailed(TestInvoker.java:249)
                        at org.testng.internal.invokers.MethodRunner.runInSequence(MethodRunner.java:76)
                        at org.testng.internal.invokers.TestInvoker$MethodInvocationAgent.invoke(TestInvoker.java:961)
                        at org.testng.internal.invokers.TestInvoker.invokeTestMethods(TestInvoker.java:201)
                        at org.testng.internal.invokers.TestMethodWorker.invokeTestMethods(TestMethodWorker.java:148)
                        at org.testng.internal.invokers.TestMethodWorker.run(TestMethodWorker.java:128)
                        at java.base/java.util.ArrayList.forEach(ArrayList.java:1511)
                        at org.testng.TestRunner.privateRun(TestRunner.java:819)
                        at org.testng.TestRunner.run(TestRunner.java:619)
                        at org.testng.SuiteRunner.runTest(SuiteRunner.java:443)
                        at org.testng.SuiteRunner.runSequentially(SuiteRunner.java:437)
                        at org.testng.SuiteRunner.privateRun(SuiteRunner.java:397)
                        at org.testng.SuiteRunner.run(SuiteRunner.java:336)
                        at org.testng.SuiteRunnerWorker.runSuite(SuiteRunnerWorker.java:52)
                        at org.testng.SuiteRunnerWorker.run(SuiteRunnerWorker.java:95)
                        at org.testng.TestNG.runSuitesSequentially(TestNG.java:1301)
                        at org.testng.TestNG.runSuitesLocally(TestNG.java:1228)
                        at org.testng.TestNG.runSuites(TestNG.java:1134)
                        at org.testng.TestNG.run(TestNG.java:1101)
                        at org.apache.maven.surefire.testng.TestNGExecutor.run(TestNGExecutor.java:308)
                        at org.apache.maven.surefire.testng.TestNGXmlTestSuite.execute(TestNGXmlTestSuite.java:71)
                        at org.apache.maven.surefire.testng.TestNGProvider.invoke(TestNGProvider.java:113)
                        at org.apache.maven.surefire.booter.ForkedBooter.runSuitesInProcess(ForkedBooter.java:385)
                        at org.apache.maven.surefire.booter.ForkedBooter.execute(ForkedBooter.java:162)
                        at org.apache.maven.surefire.booter.ForkedBooter.run(ForkedBooter.java:507)
                        at org.apache.maven.surefire.booter.ForkedBooter.main(ForkedBooter.java:495)
                     </pre>
                  </div>
               </td>
            </tr>
            <tr id="testcases.DashBoardTest_beforeMethod_byClass_PASS6_row"
                class="testMethodStatusPASS testMethodStatusCONF">
               <td width="100%" class="firstMethodCell">
                  <a onclick="toggleDetailsVisibility('testcases.DashBoardTest_beforeMethod_byClass_PASS6_details')">beforeMethod(org.testng.TestRunner@2548fc01)</a>
               </td>
               <td nowrap="true">16:23:13</td>
               <td nowrap="true" align="right">1 ms
                  
               </td>
               <td nowrap="true">
                   
                  
               </td>
            </tr>
            <tr>
               <td colspan="4" class="detailsBox">
                  <div id="testcases.DashBoardTest_beforeMethod_byClass_PASS6_details"
                       class="testMethodDetails">
                     <div>
                        <b>Name: </b>beforeMethod
                     </div>
                     <div>
                        <b>Signature: </b>beforeMethod(org.testng.ITestContext)[pri:0, instance:testcases.DashBoardTest@673fdbce]
                     </div>
                     <div>
                        <b>Parameters: </b>
                        
                        org.testng.TestRunner@2548fc01
                        
                        
                     </div>
                     <div>
                        <b>Start time: </b>16:23:13
                     </div>
                     <div>
                        <b>End time: </b>16:23:13
                     </div>
                     <div>
                        <b>Duration: </b>1 ms
                        
                     </div>
                  </div>
               </td>
            </tr>
            <tr></tr>
            <tr id="testcases.DashBoardTest_verifyAllPets_byClass_SKIP7_row"
                class="testMethodStatusSKIP">
               <td width="100%" class="firstMethodCell">
                  <a onclick="toggleDetailsVisibility('testcases.DashBoardTest_verifyAllPets_byClass_SKIP7_details')">verifyAllPets()</a>
               </td>
               <td nowrap="true">16:23:13</td>
               <td nowrap="true" align="right">1m
                  8s
                  
               </td>
               <td nowrap="true">
                  <a onclick="toggleDetailsVisibility('testcases.DashBoardTest_verifyAllPets_byClass_SKIP7_exception')">java.lang.NullPointerException: 
                     Cannot invoke "org.openqa.selenium.WebElement.findElements(org.openqa.selenium.By)" because "table" is null
                     
                  </a>
                   
                  
               </td>
            </tr>
            <tr>
               <td colspan="4" class="detailsBox">
                  <div id="testcases.DashBoardTest_verifyAllPets_byClass_SKIP7_details"
                       class="testMethodDetails">
                     <div>
                        <b>Name: </b>verifyAllPets
                     </div>
                     <div>
                        <b>Signature: </b>verifyAllPets()[pri:0, instance:testcases.DashBoardTest@673fdbce]
                     </div>
                     <div>
                        <b>Start time: </b>16:23:13
                     </div>
                     <div>
                        <b>End time: </b>16:24:21
                     </div>
                     <div>
                        <b>Duration: </b>1m
                        8s
                        
                     </div>
                  </div>
               </td>
            </tr>
            <tr>
               <td colspan="4" class="detailsBox">
                  <div id="testcases.DashBoardTest_verifyAllPets_byClass_SKIP7_exception"
                       class="testMethodDetails">
                     <pre style="padding: 5px; margin: 0;">java.lang.NullPointerException: Cannot invoke "org.openqa.selenium.WebElement.findElements(org.openqa.selenium.By)" because
                        "table" is null
                        at keywords.ApplicationKeywords.verifyTableEntitites(ApplicationKeywords.java:85)
                        at driver.DriverScript.executeTest(DriverScript.java:78)
                        at testcases.DashBoardTest.verifyAllPets(DashBoardTest.java:40)
                        at java.base/jdk.internal.reflect.NativeMethodAccessorImpl.invoke0(Native Method)
                        at java.base/jdk.internal.reflect.NativeMethodAccessorImpl.invoke(NativeMethodAccessorImpl.java:77)
                        at java.base/jdk.internal.reflect.DelegatingMethodAccessorImpl.invoke(DelegatingMethodAccessorImpl.java:43)
                        at java.base/java.lang.reflect.Method.invoke(Method.java:568)
                        at org.testng.internal.invokers.MethodInvocationHelper.invokeMethod(MethodInvocationHelper.java:139)
                        at org.testng.internal.invokers.TestInvoker.invokeMethod(TestInvoker.java:664)
                        at org.testng.internal.invokers.TestInvoker.retryFailed(TestInvoker.java:249)
                        at org.testng.internal.invokers.MethodRunner.runInSequence(MethodRunner.java:76)
                        at org.testng.internal.invokers.TestInvoker$MethodInvocationAgent.invoke(TestInvoker.java:961)
                        at org.testng.internal.invokers.TestInvoker.invokeTestMethods(TestInvoker.java:201)
                        at org.testng.internal.invokers.TestMethodWorker.invokeTestMethods(TestMethodWorker.java:148)
                        at org.testng.internal.invokers.TestMethodWorker.run(TestMethodWorker.java:128)
                        at java.base/java.util.ArrayList.forEach(ArrayList.java:1511)
                        at org.testng.TestRunner.privateRun(TestRunner.java:819)
                        at org.testng.TestRunner.run(TestRunner.java:619)
                        at org.testng.SuiteRunner.runTest(SuiteRunner.java:443)
                        at org.testng.SuiteRunner.runSequentially(SuiteRunner.java:437)
                        at org.testng.SuiteRunner.privateRun(SuiteRunner.java:397)
                        at org.testng.SuiteRunner.run(SuiteRunner.java:336)
                        at org.testng.SuiteRunnerWorker.runSuite(SuiteRunnerWorker.java:52)
                        at org.testng.SuiteRunnerWorker.run(SuiteRunnerWorker.java:95)
                        at org.testng.TestNG.runSuitesSequentially(TestNG.java:1301)
                        at org.testng.TestNG.runSuitesLocally(TestNG.java:1228)
                        at org.testng.TestNG.runSuites(TestNG.java:1134)
                        at org.testng.TestNG.run(TestNG.java:1101)
                        at org.apache.maven.surefire.testng.TestNGExecutor.run(TestNGExecutor.java:308)
                        at org.apache.maven.surefire.testng.TestNGXmlTestSuite.execute(TestNGXmlTestSuite.java:71)
                        at org.apache.maven.surefire.testng.TestNGProvider.invoke(TestNGProvider.java:113)
                        at org.apache.maven.surefire.booter.ForkedBooter.runSuitesInProcess(ForkedBooter.java:385)
                        at org.apache.maven.surefire.booter.ForkedBooter.execute(ForkedBooter.java:162)
                        at org.apache.maven.surefire.booter.ForkedBooter.run(ForkedBooter.java:507)
                        at org.apache.maven.surefire.booter.ForkedBooter.main(ForkedBooter.java:495)
                     </pre>
                  </div>
               </td>
            </tr>
            <tr id="testcases.DashBoardTest_beforeMethod_byClass_PASS8_row"
                class="testMethodStatusPASS testMethodStatusCONF">
               <td width="100%" class="firstMethodCell">
                  <a onclick="toggleDetailsVisibility('testcases.DashBoardTest_beforeMethod_byClass_PASS8_details')">beforeMethod(org.testng.TestRunner@2548fc01)</a>
               </td>
               <td nowrap="true">16:24:21</td>
               <td nowrap="true" align="right">0 ms
                  
               </td>
               <td nowrap="true">
                   
                  
               </td>
            </tr>
            <tr>
               <td colspan="4" class="detailsBox">
                  <div id="testcases.DashBoardTest_beforeMethod_byClass_PASS8_details"
                       class="testMethodDetails">
                     <div>
                        <b>Name: </b>beforeMethod
                     </div>
                     <div>
                        <b>Signature: </b>beforeMethod(org.testng.ITestContext)[pri:0, instance:testcases.DashBoardTest@673fdbce]
                     </div>
                     <div>
                        <b>Parameters: </b>
                        
                        org.testng.TestRunner@2548fc01
                        
                        
                     </div>
                     <div>
                        <b>Start time: </b>16:24:21
                     </div>
                     <div>
                        <b>End time: </b>16:24:21
                     </div>
                     <div>
                        <b>Duration: </b>0 ms
                        
                     </div>
                  </div>
               </td>
            </tr>
            <tr></tr>
            <tr id="testcases.DashBoardTest_verifyAllPets_byClass_FAIL9_row"
                class="testMethodStatusFAIL">
               <td width="100%" class="firstMethodCell">
                  <a onclick="toggleDetailsVisibility('testcases.DashBoardTest_verifyAllPets_byClass_FAIL9_details')">verifyAllPets()</a>
               </td>
               <td nowrap="true">16:24:21</td>
               <td nowrap="true" align="right">1m
                  8s
                  
               </td>
               <td nowrap="true">
                  <a onclick="toggleDetailsVisibility('testcases.DashBoardTest_verifyAllPets_byClass_FAIL9_exception')">java.lang.NullPointerException: 
                     Cannot invoke "org.openqa.selenium.WebElement.findElements(org.openqa.selenium.By)" because "table" is null
                     
                  </a>
                   
                  
               </td>
            </tr>
            <tr>
               <td colspan="4" class="detailsBox">
                  <div id="testcases.DashBoardTest_verifyAllPets_byClass_FAIL9_details"
                       class="testMethodDetails">
                     <div>
                        <b>Name: </b>verifyAllPets
                     </div>
                     <div>
                        <b>Signature: </b>verifyAllPets()[pri:0, instance:testcases.DashBoardTest@673fdbce]
                     </div>
                     <div>
                        <b>Start time: </b>16:24:21
                     </div>
                     <div>
                        <b>End time: </b>16:25:29
                     </div>
                     <div>
                        <b>Duration: </b>1m
                        8s
                        
                     </div>
                  </div>
               </td>
            </tr>
            <tr>
               <td colspan="4" class="detailsBox">
                  <div id="testcases.DashBoardTest_verifyAllPets_byClass_FAIL9_exception"
                       class="testMethodDetails">
                     <pre style="padding: 5px; margin: 0;">java.lang.NullPointerException: Cannot invoke "org.openqa.selenium.WebElement.findElements(org.openqa.selenium.By)" because
                        "table" is null
                        at keywords.ApplicationKeywords.verifyTableEntitites(ApplicationKeywords.java:85)
                        at driver.DriverScript.executeTest(DriverScript.java:78)
                        at testcases.DashBoardTest.verifyAllPets(DashBoardTest.java:40)
                        at java.base/jdk.internal.reflect.NativeMethodAccessorImpl.invoke0(Native Method)
                        at java.base/jdk.internal.reflect.NativeMethodAccessorImpl.invoke(NativeMethodAccessorImpl.java:77)
                        at java.base/jdk.internal.reflect.DelegatingMethodAccessorImpl.invoke(DelegatingMethodAccessorImpl.java:43)
                        at java.base/java.lang.reflect.Method.invoke(Method.java:568)
                        at org.testng.internal.invokers.MethodInvocationHelper.invokeMethod(MethodInvocationHelper.java:139)
                        at org.testng.internal.invokers.TestInvoker.invokeMethod(TestInvoker.java:664)
                        at org.testng.internal.invokers.TestInvoker.retryFailed(TestInvoker.java:249)
                        at org.testng.internal.invokers.MethodRunner.runInSequence(MethodRunner.java:76)
                        at org.testng.internal.invokers.TestInvoker$MethodInvocationAgent.invoke(TestInvoker.java:961)
                        at org.testng.internal.invokers.TestInvoker.invokeTestMethods(TestInvoker.java:201)
                        at org.testng.internal.invokers.TestMethodWorker.invokeTestMethods(TestMethodWorker.java:148)
                        at org.testng.internal.invokers.TestMethodWorker.run(TestMethodWorker.java:128)
                        at java.base/java.util.ArrayList.forEach(ArrayList.java:1511)
                        at org.testng.TestRunner.privateRun(TestRunner.java:819)
                        at org.testng.TestRunner.run(TestRunner.java:619)
                        at org.testng.SuiteRunner.runTest(SuiteRunner.java:443)
                        at org.testng.SuiteRunner.runSequentially(SuiteRunner.java:437)
                        at org.testng.SuiteRunner.privateRun(SuiteRunner.java:397)
                        at org.testng.SuiteRunner.run(SuiteRunner.java:336)
                        at org.testng.SuiteRunnerWorker.runSuite(SuiteRunnerWorker.java:52)
                        at org.testng.SuiteRunnerWorker.run(SuiteRunnerWorker.java:95)
                        at org.testng.TestNG.runSuitesSequentially(TestNG.java:1301)
                        at org.testng.TestNG.runSuitesLocally(TestNG.java:1228)
                        at org.testng.TestNG.runSuites(TestNG.java:1134)
                        at org.testng.TestNG.run(TestNG.java:1101)
                        at org.apache.maven.surefire.testng.TestNGExecutor.run(TestNGExecutor.java:308)
                        at org.apache.maven.surefire.testng.TestNGXmlTestSuite.execute(TestNGXmlTestSuite.java:71)
                        at org.apache.maven.surefire.testng.TestNGProvider.invoke(TestNGProvider.java:113)
                        at org.apache.maven.surefire.booter.ForkedBooter.runSuitesInProcess(ForkedBooter.java:385)
                        at org.apache.maven.surefire.booter.ForkedBooter.execute(ForkedBooter.java:162)
                        at org.apache.maven.surefire.booter.ForkedBooter.run(ForkedBooter.java:507)
                        at org.apache.maven.surefire.booter.ForkedBooter.main(ForkedBooter.java:495)
                     </pre>
                  </div>
               </td>
            </tr>
            <tr id="testcases.DashBoardTest_quit_byClass_PASS10_row"
                class="testMethodStatusPASS testMethodStatusCONF">
               <td width="100%" class="firstMethodCell">
                  <a onclick="toggleDetailsVisibility('testcases.DashBoardTest_quit_byClass_PASS10_details')">quit(org.testng.TestRunner@2548fc01)</a>
               </td>
               <td nowrap="true">16:25:29</td>
               <td nowrap="true" align="right">146 ms
                  
               </td>
               <td nowrap="true">
                   
                  
               </td>
            </tr>
            <tr>
               <td colspan="4" class="detailsBox">
                  <div id="testcases.DashBoardTest_quit_byClass_PASS10_details"
                       class="testMethodDetails">
                     <div>
                        <b>Name: </b>quit
                     </div>
                     <div>
                        <b>Signature: </b>quit(org.testng.ITestContext)[pri:0, instance:testcases.DashBoardTest@673fdbce]
                     </div>
                     <div>
                        <b>Parameters: </b>
                        
                        org.testng.TestRunner@2548fc01
                        
                        
                     </div>
                     <div>
                        <b>Start time: </b>16:25:29
                     </div>
                     <div>
                        <b>End time: </b>16:25:30
                     </div>
                     <div>
                        <b>Duration: </b>146 ms
                        
                     </div>
                  </div>
               </td>
            </tr>
            <tr></tr>
         </table>
         <br></br>
         <table class="testMethodsTable" cellpadding="0" cellspacing="0">
            <tr>
               <td colspan="4">
                  <h3 style="display: inline;">testcases.HomePageTest</h3>
               </td>
            </tr>
            <tr class="methodsTableHeader">
               <td width="100%">Name</td>
               <td nowrap="true">Started</td>
               <td nowrap="true">Duration</td>
               <td>Exception</td>
            </tr>
            <tr id="testcases.HomePageTest_beforeTest_byClass_PASS1_row"
                class="testMethodStatusPASS testMethodStatusCONF">
               <td width="100%" class="firstMethodCell">
                  <a onclick="toggleDetailsVisibility('testcases.HomePageTest_beforeTest_byClass_PASS1_details')">beforeTest(org.testng.TestRunner@6dd1c3ed)</a>
               </td>
               <td nowrap="true">16:20:52</td>
               <td nowrap="true" align="right">785 ms
                  
               </td>
               <td nowrap="true">
                   
                  
               </td>
            </tr>
            <tr>
               <td colspan="4" class="detailsBox">
                  <div id="testcases.HomePageTest_beforeTest_byClass_PASS1_details"
                       class="testMethodDetails">
                     <div>
                        <b>Name: </b>beforeTest
                     </div>
                     <div>
                        <b>Signature: </b>beforeTest(org.testng.ITestContext)[pri:0, instance:testcases.HomePageTest@231f98ef]
                     </div>
                     <div>
                        <b>Parameters: </b>
                        
                        org.testng.TestRunner@6dd1c3ed
                        
                        
                     </div>
                     <div>
                        <b>Start time: </b>16:20:52
                     </div>
                     <div>
                        <b>End time: </b>16:20:53
                     </div>
                     <div>
                        <b>Duration: </b>785 ms
                        
                     </div>
                  </div>
               </td>
            </tr>
            <tr></tr>
            <tr id="testcases.HomePageTest_beforeMethod_byClass_PASS2_row"
                class="testMethodStatusPASS testMethodStatusCONF">
               <td width="100%" class="firstMethodCell">
                  <a onclick="toggleDetailsVisibility('testcases.HomePageTest_beforeMethod_byClass_PASS2_details')">beforeMethod(org.testng.TestRunner@6dd1c3ed)</a>
               </td>
               <td nowrap="true">16:20:53</td>
               <td nowrap="true" align="right">1 ms
                  
               </td>
               <td nowrap="true">
                   
                  
               </td>
            </tr>
            <tr>
               <td colspan="4" class="detailsBox">
                  <div id="testcases.HomePageTest_beforeMethod_byClass_PASS2_details"
                       class="testMethodDetails">
                     <div>
                        <b>Name: </b>beforeMethod
                     </div>
                     <div>
                        <b>Signature: </b>beforeMethod(org.testng.ITestContext)[pri:0, instance:testcases.HomePageTest@231f98ef]
                     </div>
                     <div>
                        <b>Parameters: </b>
                        
                        org.testng.TestRunner@6dd1c3ed
                        
                        
                     </div>
                     <div>
                        <b>Start time: </b>16:20:53
                     </div>
                     <div>
                        <b>End time: </b>16:20:53
                     </div>
                     <div>
                        <b>Duration: </b>1 ms
                        
                     </div>
                  </div>
               </td>
            </tr>
            <tr></tr>
            <tr id="testcases.HomePageTest_VerifyHomePageTitle_byClass_PASS3_row"
                class="testMethodStatusPASS">
               <td width="100%" class="firstMethodCell">
                  <a onclick="toggleDetailsVisibility('testcases.HomePageTest_VerifyHomePageTitle_byClass_PASS3_details')">VerifyHomePageTitle(org.testng.TestRunner@6dd1c3ed)</a>
               </td>
               <td nowrap="true">16:20:53</td>
               <td nowrap="true" align="right">4s
                  
               </td>
               <td nowrap="true">
                   
                  
               </td>
            </tr>
            <tr>
               <td colspan="4" class="detailsBox">
                  <div id="testcases.HomePageTest_VerifyHomePageTitle_byClass_PASS3_details"
                       class="testMethodDetails">
                     <div>
                        <b>Name: </b>VerifyHomePageTitle
                     </div>
                     <div>
                        <b>Signature: </b>VerifyHomePageTitle(org.testng.ITestContext)[pri:0, instance:testcases.HomePageTest@231f98ef]
                     </div>
                     <div>
                        <b>Parameters: </b>
                        
                        org.testng.TestRunner@6dd1c3ed
                        
                        
                     </div>
                     <div>
                        <b>Start time: </b>16:20:53
                     </div>
                     <div>
                        <b>End time: </b>16:20:56
                     </div>
                     <div>
                        <b>Duration: </b>4s
                        
                     </div>
                  </div>
               </td>
            </tr>
            <tr></tr>
            <tr id="testcases.HomePageTest_quit_byClass_PASS4_row"
                class="testMethodStatusPASS testMethodStatusCONF">
               <td width="100%" class="firstMethodCell">
                  <a onclick="toggleDetailsVisibility('testcases.HomePageTest_quit_byClass_PASS4_details')">quit(org.testng.TestRunner@6dd1c3ed)</a>
               </td>
               <td nowrap="true">16:20:56</td>
               <td nowrap="true" align="right">283 ms
                  
               </td>
               <td nowrap="true">
                   
                  
               </td>
            </tr>
            <tr>
               <td colspan="4" class="detailsBox">
                  <div id="testcases.HomePageTest_quit_byClass_PASS4_details"
                       class="testMethodDetails">
                     <div>
                        <b>Name: </b>quit
                     </div>
                     <div>
                        <b>Signature: </b>quit(org.testng.ITestContext)[pri:0, instance:testcases.HomePageTest@231f98ef]
                     </div>
                     <div>
                        <b>Parameters: </b>
                        
                        org.testng.TestRunner@6dd1c3ed
                        
                        
                     </div>
                     <div>
                        <b>Start time: </b>16:20:56
                     </div>
                     <div>
                        <b>End time: </b>16:20:56
                     </div>
                     <div>
                        <b>Duration: </b>283 ms
                        
                     </div>
                  </div>
               </td>
            </tr>
            <tr></tr>
         </table>
         <br></br>
      </div>
      <div style="margin-top: 15px; color: gray; text-align: center; font-size: 9px;">
         Generated with
         
         <a href="http://code.google.com/p/testng-xslt/" style="color: #8888aa;"
            target="_blank">
            TestNG XSLT
            
         </a>
      </div>
   </body>
</html>