<?xml version="1.0" encoding="UTF-8"?>
<!-- Generated by org.testng.reporters.JUnitXMLReporter -->
<testsuite ignored="1" hostname="punbkumarpc" failures="0" tests="1" name="verifyAvailablePets" time="8.201" errors="0" timestamp="2025-11-05T18:03:51 IST">
  <testcase classname="testcases.DashBoardTest" name="verifyAvailablePets" time="8.065"/>
  <testcase classname="testcases.DashBoardTest" name="verifyAllPets" time="0.0">
    <ignored/>
  </testcase> <!-- verifyAllPets -->
</testsuite> <!-- verifyAvailablePets -->
