<?xml version="1.0" encoding="UTF-8"?>
<!-- Generated by org.testng.reporters.JUnitXMLReporter -->
<testsuite ignored="1" hostname="punbkumarpc" failures="1" tests="4" name="verifyAllPets" time="273.556" errors="0" timestamp="2025-11-05T18:08:25 IST">
  <testcase classname="testcases.DashBoardTest" name="verifyAllPets" time="68.172">
    <skipped/>
  </testcase> <!-- verifyAllPets -->
  <testcase classname="testcases.DashBoardTest" name="verifyAllPets" time="68.192">
    <skipped/>
  </testcase> <!-- verifyAllPets -->
  <testcase classname="testcases.DashBoardTest" name="verifyAllPets" time="68.255">
    <skipped/>
  </testcase> <!-- verifyAllPets -->
  <testcase classname="testcases.DashBoardTest" name="verifyAllPets" time="68.756">
    <failure type="java.lang.NullPointerException" message="Cannot invoke &amp;quot;org.openqa.selenium.WebElement.findElements(org.openqa.selenium.By)&amp;quot; because &amp;quot;table&amp;quot; is null">
      <![CDATA[java.lang.NullPointerException: Cannot invoke "org.openqa.selenium.WebElement.findElements(org.openqa.selenium.By)" because "table" is null
at keywords.ApplicationKeywords.verifyTableEntitites(ApplicationKeywords.java:85)
at driver.DriverScript.executeTest(DriverScript.java:78)
at testcases.DashBoardTest.verifyAllPets(DashBoardTest.java:40)
at java.base/java.util.ArrayList.forEach(ArrayList.java:1596)
... Removed 29 stack frames]]>
    </failure>
  </testcase> <!-- verifyAllPets -->
  <testcase classname="testcases.DashBoardTest" name="verifyAvailablePets" time="0.0">
    <ignored/>
  </testcase> <!-- verifyAvailablePets -->
</testsuite> <!-- verifyAllPets -->
