<!DOCTYPE html PUBLIC "-//W3C//DTD XHTML 1.1//EN" "https://www.w3.org/TR/xhtml11/DTD/xhtml11.dtd">
<html xmlns="https://www.w3.org/1999/xhtml">
<head>
<meta http-equiv="content-type" content="text/html; charset=UTF-8"/>
<title>TestNG Report</title>
<style type="text/css">table {margin-bottom:10px;border-collapse:collapse;empty-cells:show}th,td {border:1px solid #009;padding:.25em .5em}th {vertical-align:bottom}td {vertical-align:top}table a {font-weight:bold}.stripe td {background-color: #E6EBF9}.num {text-align:right}.passedodd td {background-color: #3F3}.passedeven td {background-color: #0A0}.skippedodd td {background-color: #DDD}.skippedeven td {background-color: #CCC}.failedodd td,.attn {background-color: #F33}.failedeven td,.stripe .attn {background-color: #D00}.stacktrace {white-space:pre;font-family:monospace}.totop {font-size:85%;text-align:center;border-bottom:2px solid #000}.invisible {display:none}</style>
</head>
<body>
<table>
<tr><th>Test</th><th># Passed</th><th># Skipped</th><th># Retried</th><th># Failed</th><th>Time (ms)</th><th>Included Groups</th><th>Excluded Groups</th></tr>
<tr><th colspan="8">JPetStore</th></tr>
<tr><td><a href="#t0">VerifyHomePageTitle</a></td><td class="num">1</td><td class="num">0</td><td class="num">0</td><td class="num">0</td><td class="num">4,287</td><td></td><td></td></tr>
<tr class="stripe"><td><a href="#t1">VerifySignInButtonPresence</a></td><td class="num">1</td><td class="num">0</td><td class="num">0</td><td class="num">0</td><td class="num">3,568</td><td></td><td></td></tr>
<tr><td><a href="#t2">VerifyStoreEntryTitle</a></td><td class="num">1</td><td class="num">0</td><td class="num">0</td><td class="num">0</td><td class="num">3,676</td><td></td><td></td></tr>
<tr class="stripe"><td><a href="#t3">Verifylogin</a></td><td class="num">1</td><td class="num">0</td><td class="num">0</td><td class="num">0</td><td class="num">8,185</td><td></td><td></td></tr>
<tr><td><a href="#t4">verifyAvailablePets</a></td><td class="num">1</td><td class="num">0</td><td class="num">0</td><td class="num">0</td><td class="num">8,201</td><td></td><td></td></tr>
<tr class="stripe"><td><a href="#t5">verifyAllPets</a></td><td class="num">0</td><td class="num">0</td><td class="num attn">3</td><td class="num attn">1</td><td class="num">273,556</td><td></td><td></td></tr>
<tr><th>Total</th><th class="num">5</th><th class="num">0</th><th class="num attn">3</th><th class="num attn">1</th><th class="num">301,473</th><th colspan="2"></th></tr>
</table>
<table id='summary'><thead><tr><th>Class</th><th>Method</th><th>Start</th><th>Time (ms)</th></tr></thead><tbody><tr><th colspan="4">JPetStore</th></tr></tbody><tbody id="t0"><tr><th colspan="4">VerifyHomePageTitle &#8212; passed</th></tr><tr class="passedeven"><td rowspan="1">testcases.HomePageTest</td><td><a href="#m0">VerifyHomePageTitle</a></td><td rowspan="1">1762346004643</td><td rowspan="1">3132</td></tr></tbody>
<tbody id="t1"><tr><th colspan="4">VerifySignInButtonPresence &#8212; passed</th></tr><tr class="passedeven"><td rowspan="1">testcases.StoreEntryTest</td><td><a href="#m1">VerifySignInButtonPresence</a></td><td rowspan="1">1762346008079</td><td rowspan="1">3436</td></tr></tbody>
<tbody id="t2"><tr><th colspan="4">VerifyStoreEntryTitle &#8212; passed</th></tr><tr class="passedeven"><td rowspan="1">testcases.StoreEntryTest</td><td><a href="#m2">VerifyStoreEntryTitle</a></td><td rowspan="1">1762346011649</td><td rowspan="1">3559</td></tr></tbody>
<tbody id="t3"><tr><th colspan="4">Verifylogin &#8212; passed</th></tr><tr class="passedeven"><td rowspan="1">testcases.StoreEntryTest</td><td><a href="#m3">Verifylogin</a></td><td rowspan="1">1762346015328</td><td rowspan="1">8055</td></tr></tbody>
<tbody id="t4"><tr><th colspan="4">verifyAvailablePets &#8212; passed</th></tr><tr class="passedeven"><td rowspan="1">testcases.DashBoardTest</td><td><a href="#m4">verifyAvailablePets</a></td><td rowspan="1">1762346023518</td><td rowspan="1">8065</td></tr></tbody>
<tbody id="t5"><tr><th colspan="4">verifyAllPets &#8212; failed</th></tr><tr class="failedeven"><td rowspan="1">testcases.DashBoardTest</td><td><a href="#m5">verifyAllPets</a></td><td rowspan="1">1762346236348</td><td rowspan="1">68756</td></tr><tr><th colspan="4">verifyAllPets &#8212; retried</th></tr><tr class="retriedeven"><td rowspan="3">testcases.DashBoardTest</td><td><a href="#m6">verifyAllPets</a></td><td rowspan="3">1762346168090</td><td rowspan="3">68255</td></tr><tr class="retriedeven"><td><a href="#m7">verifyAllPets</a></td></tr><tr class="retriedeven"><td><a href="#m8">verifyAllPets</a></td></tr></tbody>
</table>
<h2>VerifyHomePageTitle</h2><h3 id="m0">testcases.HomePageTest#VerifyHomePageTitle</h3><table class="result"><tr class="param"><th>Parameter #1</th></tr><tr class="param stripe"><td>org.testng.TestRunner@3e5fd2b1</td></tr></table><p class="totop"><a href="#summary">back to summary</a></p>
<h2>VerifySignInButtonPresence</h2><h3 id="m1">testcases.StoreEntryTest#VerifySignInButtonPresence</h3><table class="result"><tr><th class="invisible"/></tr></table><p class="totop"><a href="#summary">back to summary</a></p>
<h2>VerifyStoreEntryTitle</h2><h3 id="m2">testcases.StoreEntryTest#VerifyStoreEntryTitle</h3><table class="result"><tr><th class="invisible"/></tr></table><p class="totop"><a href="#summary">back to summary</a></p>
<h2>Verifylogin</h2><h3 id="m3">testcases.StoreEntryTest#Verifylogin</h3><table class="result"><tr><th class="invisible"/></tr></table><p class="totop"><a href="#summary">back to summary</a></p>
<h2>verifyAvailablePets</h2><h3 id="m4">testcases.DashBoardTest#verifyAvailablePets</h3><table class="result"><tr class="param"><th>Parameter #1</th></tr><tr class="param stripe"><td>org.testng.TestRunner@2570b316</td></tr></table><p class="totop"><a href="#summary">back to summary</a></p>
<h2>verifyAllPets</h2><h3 id="m5">testcases.DashBoardTest#verifyAllPets</h3><table class="result"><tr><th>Exception</th></tr><tr><td><div class="stacktrace">java.lang.NullPointerException: Cannot invoke &quot;org.openqa.selenium.WebElement.findElements(org.openqa.selenium.By)&quot; because &quot;table&quot; is null
	at keywords.ApplicationKeywords.verifyTableEntitites(ApplicationKeywords.java:85)
	at driver.DriverScript.executeTest(DriverScript.java:78)
	at testcases.DashBoardTest.verifyAllPets(DashBoardTest.java:40)
	at java.base/java.util.ArrayList.forEach(ArrayList.java:1596)
... Removed 29 stack frames</div></td></tr></table><p class="totop"><a href="#summary">back to summary</a></p>
<h3 id="m6">testcases.DashBoardTest#verifyAllPets</h3><table class="result"><tr><th>Exception</th></tr><tr><td><div class="stacktrace">java.lang.NullPointerException: Cannot invoke &quot;org.openqa.selenium.WebElement.findElements(org.openqa.selenium.By)&quot; because &quot;table&quot; is null
	at keywords.ApplicationKeywords.verifyTableEntitites(ApplicationKeywords.java:85)
	at driver.DriverScript.executeTest(DriverScript.java:78)
	at testcases.DashBoardTest.verifyAllPets(DashBoardTest.java:40)
	at java.base/java.util.ArrayList.forEach(ArrayList.java:1596)
... Removed 29 stack frames</div></td></tr></table><p class="totop"><a href="#summary">back to summary</a></p>
<h3 id="m7">testcases.DashBoardTest#verifyAllPets</h3><table class="result"><tr><th>Exception</th></tr><tr><td><div class="stacktrace">java.lang.NullPointerException: Cannot invoke &quot;org.openqa.selenium.WebElement.findElements(org.openqa.selenium.By)&quot; because &quot;table&quot; is null
	at keywords.ApplicationKeywords.verifyTableEntitites(ApplicationKeywords.java:85)
	at driver.DriverScript.executeTest(DriverScript.java:78)
	at testcases.DashBoardTest.verifyAllPets(DashBoardTest.java:40)
	at java.base/java.util.ArrayList.forEach(ArrayList.java:1596)
... Removed 29 stack frames</div></td></tr></table><p class="totop"><a href="#summary">back to summary</a></p>
<h3 id="m8">testcases.DashBoardTest#verifyAllPets</h3><table class="result"><tr><th>Exception</th></tr><tr><td><div class="stacktrace">java.lang.NullPointerException: Cannot invoke &quot;org.openqa.selenium.WebElement.findElements(org.openqa.selenium.By)&quot; because &quot;table&quot; is null
	at keywords.ApplicationKeywords.verifyTableEntitites(ApplicationKeywords.java:85)
	at driver.DriverScript.executeTest(DriverScript.java:78)
	at testcases.DashBoardTest.verifyAllPets(DashBoardTest.java:40)
	at java.base/java.util.ArrayList.forEach(ArrayList.java:1596)
... Removed 29 stack frames</div></td></tr></table><p class="totop"><a href="#summary">back to summary</a></p>
</body>
</html>
