<?xml version="1.0" encoding="UTF-8"?>
<!-- Generated by org.testng.reporters.JUnitXMLReporter -->
<testsuite ignored="2" hostname="punbkumarpc" failures="0" tests="1" name="VerifySignInButtonPresence" time="3.588" errors="0" timestamp="2025-10-09T12:44:39 IST">
  <testcase classname="testcases.StoreEntryTest" name="VerifySignInButtonPresence" time="3.464"/>
  <testcase classname="testcases.StoreEntryTest" name="VerifyStoreEntryTitle" time="0.0">
    <ignored/>
  </testcase> <!-- VerifyStoreEntryTitle -->
  <testcase classname="testcases.StoreEntryTest" name="Verifylogin" time="0.0">
    <ignored/>
  </testcase> <!-- Verifylogin -->
</testsuite> <!-- VerifySignInButtonPresence -->
