<?xml version="1.0" encoding="UTF-8"?>
<!-- Generated by org.testng.reporters.JUnitReportReporter -->
<testsuite hostname="punbkumarpc" failures="0" tests="3" name="testcases.StoreEntryTest" time="14.865" errors="0" timestamp="2025-10-09T12:49:33 IST" skipped="0">
  <testcase classname="testcases.StoreEntryTest" name="Verifylogin" time="8.003"/>
  <system-out/>
  <testcase classname="testcases.StoreEntryTest" name="VerifyStoreEntryTitle" time="3.397"/>
  <system-out/>
  <testcase classname="testcases.StoreEntryTest" name="VerifySignInButtonPresence" time="3.465"/>
  <system-out/>
</testsuite> <!-- testcases.StoreEntryTest -->
