<?xml version="1.0" encoding="UTF-8"?>
<!-- Generated by org.testng.reporters.JUnitReportReporter -->
<testsuite hostname="punbkumarpc" failures="0" tests="3" name="testcases.StoreEntryTest" time="15.050" errors="0" timestamp="2025-11-05T18:08:25 IST" skipped="0">
  <testcase classname="testcases.StoreEntryTest" name="VerifySignInButtonPresence" time="3.436"/>
  <testcase classname="testcases.StoreEntryTest" name="VerifyStoreEntryTitle" time="3.559"/>
  <testcase classname="testcases.StoreEntryTest" name="Verifylogin" time="8.055"/>
</testsuite> <!-- testcases.StoreEntryTest -->
